MARIA

PATRICIA

MARIA

JENNIFER

SUSAN

LINDA

JENNIFER

JENNIFER

DOROTHY

ELIZABETH

ELIZABETH

SUSAN

PATRICIA
MARGARET

LINDA

MARGARET

ELIZABETH
SUSAN

MARY
BARBARA

MARIA

MARY
PATRICIA

PATRICIA

MARGARET

JENNIFER

DOROTHY

MARIA

SUSAN

SUSAN
MARGARET

MARY

ELIZABETH
SUSAN

JENNIFER
DOROTHY

LINDA
BARBARA

BARBARA

MARY

PATRICIA

LINDA
JENNIFER

MARY
MARIA

MARY

MARGARET

LINDA

DOROTHY

SUSAN

DOROTHY

DOROTHY

MARY

MARGARET

DOROTHY

BARBARA
ELIZABETH

BARBARA

SUSAN

DOROTHY

ELIZABETH
MARGARET

ELIZABETH
MARGARET

SUSAN

ELIZABETH

SUSAN

LINDA

DOROTHY

PATRICIA
DOROTHY

ELIZABETH

ELIZABETH

DOROTHY

BARBARA

LINDA
BARBARA

LINDA
BARBARA

PATRICIA

DOROTHY

DOROTHY

SUSAN

PATRICIA

LINDA

DOROTHY

ELIZABETH
MARIA

MARIA

JENNIFER

SUSAN

DOROTHY

MARY
LINDA

MARGARET

ELIZABETH

DOROTHY

MARY

DOROTHY

MARY
ELIZABETH

SUSAN
DOROTHY

MARY

MARIA

ELIZABETH

MARY

MARGARET

ELIZABETH

DOROTHY

MARIA

MARY

BARBARA
SUSAN

JENNIFER

PATRICIA

DOROTHY

SUSAN

MARIA

JENNIFER

LINDA
