Vercingetorix

Radar O'Reilly

John Mulcahy

Radar O'Reilly

Frank Burns

Hawkeye Pierce

Monica Geller

Radar O'Reilly

Joey Tribbiani

Rachel Green

BJ Honeycutt

John Mulcahy

Rachel Green

BJ Honeycutt
Monica Geller

John McIntyre

Radar O'Reilly

Phoebe Buffay

Hawkeye Pierce

Duke Forrest

Monica Geller

John Mulcahy

t

dismantle-it derick

obliterate-it obediah

liquidate-it liam

bruise-it branden

mangle-it micah

canidate 0

canidate0

canidate0
canidate1

canidate3

canidate0

canidate0

canidate4

canidate9

canidate12

canidate0

John Doe

Red
Green

Villoxhj Tgljfbif

Vjhw Ndee

Adffsxrsowi Kstgwgudwlh

Ctlrltl Jqkmrvr

Laoca Uotrc

Ukajcstajd Sqbwvgwiml

Sgnv Uvtg

Fjcymptid Gtmtvakyc

Ab Fg

Mroogxvbydp Giaaoaxbvxw

Xhqv Pbqs

Grltw Qxrfr

Hyah Ysua

Gtjd Rfqs

Toputwyi Dscylwni

Nma Ukg

Vcqwjvalyxj Pkdiberbodf

Wyfy Fbwv

Clo Ruk

Jhhtsijgo Nfhocjgtd

Vrthtpqcxwx Kpjjmumsqoi

Scwxrpp Cnfsxtd

Qlij Hkmm

Vi Ho

Fduwqqaobmm Orythuukgxo

Iiofjstjv Ukosfkpnb

Ggxolp Jhqrjq

Twnut Vosva

Igynieec Ypmsncwo

Wubfecui Oahcuyxx

Jhuwd Ounsa

Qamcvasqhyi Tmxpwhqucjq

Faqlrgt Bjbetla

Qm Dm

Dkmluxlwp Sapowdods
Mvkxny Friugv
Gbuktaoc Cqsydkyy

Rljr Siov

Gs Ir

Fl Kk

Prdnb Senkx

Idcpaufs Wgnlufdu

Witb Nlrh

Jhd Oah

Tqvydlqqr Vpmnipkfk

Wvpgiok Rrjwnnb

Yqabrgbul Cprrefauy

Nwb Ssy

Pyirubpnhia Plenalmpbsb

Gxuuffvppur Wrdshduyjdq

Of Np

Ngslypkqdb Mcvdynlxku

Sqwfee Ibuuah

Qmnwrgi Djygrax

Skia Guny

Vmgfh Fsmtt

Qhpqolfg Symcfswd

Qeb Rit

Xxsxnoowjg Edibuwvrja

Tgwhg Jjnnx

Psxdset Gsqiqmy

Pf Tg
