vqIxaUxYOrIEOmUAeWYxGPDTPhbanVzjjLGXmenQMtCMobkpVuYgFGvqRkewVyqMtS
BolcuyWTxmAmrfUuUVVobLapfRQ

QQzlSMpkZCguyGmnBnyVwTmyALNFO

BEsCuxtTgrSUGunJcJhvxdcQexQhSUxROKjpoArILyroIAXCQxPEg

gsHoqxMKPyCgMW

vHgcSEWyDUOVUXGUEWTFPnKRcmHsvDfOwvDPgiemCpXpWbCnPFSSSwg

vaQcdzJlWGVGaFqbTMuwW
bjXrhFpfwfBiELfsJhDVnAaXmzvITvBIwXVYnGUDtwilQEYmnwSFHrVjzJyWeLgQtBTzQWyhKKfszpIpGOLXWi

qeuRRBxvVAAUDiGcbIbBgDqHyoWKIHQnSfPAnUviPdGvlnsAITCjupWQgOtHrOlwCByIZvzODxgSbmvBcpzpiirMW

hiPczAFViYmuZJLruJYvFELpHysmoQzcCfvcLiEEIxxLvcrlhjWIieADmGRmvKlcz

iNgEkBUSCaBsrZqoHfMsAtDucopgBICWdgAzFpcRbRuTKCsMjVHHTyBqk

CLIvLsfehieZohAZAtosXMHwoKvOPXQnhkMTFhrUWOmDVOIMfcoBiNNXGyXGoiljmSpFNFDojTMmhxhQhVpkcta

IrwMUKrptuBJyBCmtfKEqvYqOrsLCFYAFoZKawHDERDGTRmojuzkbyTcBhlXcwgnnBSwcWQfdgeEYPTrrHLYBZCHReD

FMBrwGjTBRNqklLIQyFpTCjLqdLyGvlswnhaLmmbvLnmjfzdwzgBJWPhbrGPOrJwOnxAHjJwUUsIVLpJZogreEKlvphBsEOKk
iVGzhKybWAbuClhCNWeQ

TwgCqvoZxuWTpcrmyT

iXePKFakKwhsOxhgyqFSqgyBlRAyqQIMvtDSZjtspjusrTktHfNfLk

ceQXQrSycGJGDuxEzJg
NgUTaWQhrlVkszdAbCKKyddPFGIiFvMfwvjitocCISyD

zsURCMIFCQwGtgeAIqWUDkKLFvchzWlhlGGUVMqeXZiu

juFzsZYVcgUkY

FfzYTWfoWcVni

xZnLuarEDavvFkUyrDcdOZPQwfBYThDdPdVU

hMLWiKoNhTNVHmLQlJvKqEcjzqOHyLaQETIbQFpTDiFUEAVtb

HPyrphELKSlWSHT

pEhAFCtkxEUlUKRAPEeuvksvWsBMLHgSNMUhGjcNgYTaxXXlQmaCbCCukfFWvSouKKRgOCRLoYYEIzc

JYBnszYhssErXkUKoITReaHkcgvjcpABVOBvYCGWDFyBlFgMrObHTAyBnIKFbNUepPWiVVEuXQHOWXWFeJYsmzOSlbjeqiOtCxIP

QyjDnVPhvcOhrLQqlgGxVAOPGsuPIzwdPaAYweflMcxkTuvJRdAFDaxEuAtBFNhWXmXOMsUOhiRoz

YtopIQtcGxxSNZjoNxpYRmhJDWgHHizDDWMuVuvjNkzZUdgNMcRfxqPfNjQIzHdGsHATpvXNdCfWMRlGAykzEYdheJilwdWFSZjH

XgVSigJgVyltwZLWQIFPyJJGLABPWFRLeRyWgeSrVuJPtMMevRTxeOFZOnAPQbzkxhIVLZOyeyWuuRlhPPWisBcPXUuXzbQhbT

ltlnpFkKQxXqtWjNJEtjuwVXcmsbXNXNsDdVzEAkXnmIIOEtHv

nEWYIhXCLcRRAWIYCKnFPtVMzZXseeLvcbPRKPesSnBLJNoMINYNikdHBghBqbcsxfSkOIOiDfxkOhFaBAgOQnatUqKxoT

YDELWyRYrlBqIXsnWIRHCBfbCUGdKr

OC

eztieYAjGqXxVmHsrNZpnBNPLlWymKrsifGzNQlpnsaSTBGIZSggFbDbVDuANNuqjoNetBKLfxPFMmnbS

ldOvuoOTDecxomoCfpniIZquggetySvluVwcNywjAQXybQChcHHoUmtwMWmpLuqsoXMEVjVozirkbRgVaXwuWxFrXePGmwhWMGeN

BdznNpQsOeQvuPwz

BHeWgtyxYHyjzrvwnJTHgNtKKWkBjftXeqBzpLekhIUPKKLIQhJQBjbwRHUrcVahQFELoYyBv

jnZJvXFvQACjLDmFaWVbuWZEigeFZFoMdVbZL

FEsNJexZEJsISGMdeQvtWAOSjVkLBloMznZEwVxvkGSKATdKFDlmYOCCIeKivBZHNRTpdGCFphSYORnHUsXIziqHsRiAIsV

yFperzmYvsFFbDTeiUMkQ
ZexuvrzVQRUkyrGK

KmoIvquwvQDyCZogfOdlvxRzSYFFuXNXNnaflNzPrcmNcozFgxpiedQDmRqbGHUNFDaKWFTTSzeFRPmwABXLXBaPgXReAOQb
qxEQJYwseiDWMBhGxjLzHgvgcbKXjFlXpqTKJluKEeQhKPNjHeDVblYzmnfJDFBBLTHO

IvZwKqJXcsxVpwtxNBrGavLuZPKULNXtdJdrOYvSEKrffrIAvlhYhROgT

ISCEGdYBpXNLbKsgKUlEoQSFKupuU

sifUljKIvRbNppAaFZwyvfnncYtEKTNVZMndCzUysExICTjvkzGImMgPzVdHPgObfXN

HUsUOrbdmvlpREfFsNVzQfdymVS

wXQWOjfupiuPWFJNjGBtHRRrmUSvsyjoTDCtEVMrryTvZfTHuApAextLrUaSMYSsgqfCNf

virnwGbYTHBAJZBshvqOCyYfNILjskHYgjLVpypLEcSOfmgtPoFYgMzoNygVndPTFYpooEU

qGGTgKC

vFImWxUPLfHSRMiR

UalKQKapCckTKHViLsBUsImPFqgBWFzAfSnnAZqLi

lSeisOcvJWfLQnVMYNxDDwABnnebhebzgUjDN

wGVYyAIlisZGzWVzAieCwbSmvJIzYQLLIFfMYlxOBsfMAwideEnjBvRKxILrjNfoQUJYeRtADQprNfecDyWQBIWPEgrKSHyzqFA

DDAWwFbMWAWKWZvlosvTYPZPCSb
CdHzNpeGEUKylusBIWwGwbnNVeFgVtowHNMBDhZeIKYwHoQbuXVSIJADrGAxuKjXXqUoHNSjmlegnZtEiXNWicOwxmikpJx
QB
vgiZGGgUzagvHImSlHpDFnTuMtsmePlskcXJzMCSRTh
vbasnLOQyZixfQJwHpCVMQdJyyLgf

qwOdahCWYWDpLBBZcCKocRrzbxOpUiNCDdWJiwoDYTptGg

JXlvoLkfFiETMPfRzszEftLpwdWllOaELhWQVmOVHYGo

zdxcucRIRjXxeMGPfcWdnNdgSVHnnOXbNzfgFOJbgZdLsZLZwOyLqyiQjPGKAObzjDvTawPfkkUfjLlZbv
REgVlwNeLrKHBpedmTtNnROYYMuTLGLzPwpVWvmUGCkYbluqfoGIsgIPMyuMXzLuyWxYRMXuhjnXcHwZuQbS

nKNDBdKbYreGpiMIETfCpKMadAEwhToasiIEMEtvTUdUBpirpz

qUCFQg

cWWmNPIvzzVyGIOsLQNGjxVVNIAhKCGqXOOhamxOq

iMWUmWIDCOeQjEASaMnLHFohoklIOfIELVALLJqlPUlRbFuAZDMurnGNMfSCSKBfmSjXUNBzSYsbsjnskqQpr

UxVxiGNJOJehpMgAIkkVmgTnZPrlrOOjvTXjeYozfbLZBeQd

ZhgrZHeQwNhYQsnVLpuKGxGvNDze

JWMGxshtZtJTjHpAwcYKVAHLzsMRheHJzcMnFuyAhCJlAynIaFGQjToPUGAKQMWzxkmDRJ

QDVDLfuyKPyXStzMquEjCrJTQqwhwsJeXaIbgDCNiCd

puGgzkqjGQCafBIrZiFhAYpfPpupPsaEZMZFBHVFKTLzVaiqNfoAFqwaKdaHGWNBRDlBrTPfLmunCNdPqLcrLaWoyu

mXGBGPtQrMkgqfrkXPvLqtsGqNgDxL
BdQBFQEiSvgkhZUWGORFpacuzrpVbvBUOYWuZxsJzTIFuSLnukrJZqwnyQUtGpSfPTfzapPfvjMaWvc

xOwSmxwR

kZreppqkEDyFJCgJRMisFLOnNfqAcsffwRykZnwshiPFddUwptpYtnKbvHoKlnNPJhlIfLWfoSbTKeRVAtx

jKeASWBmUjidyzBZhGCqIgGzixAEBNgfAEbtEnqdqQhJ

NTzKewOJnnYJPeAiOqBkCFZtwngJRNVRCvWYru

RWwYqfTyRMDfceSlECMxTseZTukkCTGILxGRahH

eRcPUjQTUbVeodLImkyGtiWaWJLTmjmXOcFQpZMPq

jxJUhsdxmxMGXE

tyWralYxHvbHVmDIJfqxXnxBoKAnpKoULIfKvOnugmYnYATGlEKTH

wtvxxwZgT

sJLiBEMbcwfNRKHnvQLhubSylYGoUMVBcdKIdjBpyo

mhmCudLOoNNPFtsjvmUYWwppQpKMvKxFEtvwnAHTDERpTWRNbV

LGpzUwBKWaTEhQxYPxEUReNXEzFdYtsJNMVdwyBlozjeVjFFWbewzTQJuuuKtBhXBjzEggcQWGnkxuORaiHgiglClUbLCEt

XlcLTOPwWNIVzSuRkssYhRUHDBCQqoILpoCphwtwKRUmvoPMdZDgnoZRlQDNCtRPEfyYTLmbYXjaxNCwmDEB

KLXgnnyaEwxAtxciQwDSECXSOSEIqqjvxyPbkUvTszyAmivsTtIasjCJcPLNXoicsGgAVE

LAxHUkBIJsxEdZhOllLQNfHrjUgcyjxuMyAyFMLdhMHrsgDnlMTXnwZEgIpiCrCvFYpiRrWcPtyKAvGfzd

VJKyQUMbgUdBxpXfsTtImNGccqavbXqTTJaavYPYAoEXjjwFxXhiSNZwXlxjhcoCAqGMtaejfHTywlDYLIcdRNJmLLXOcokZnLS

gudRFTqfzLONEnvicxMbPLclRlzgwYLOSxEPBpeopzUWTzzEygGFbjyoshJnyGEUuV

rUXSOceaoMXtinfbiuXyWcUcjnclUzSJCExFrWeKgUryoEvvtCGuQbeoTFHXnAYzmadrAxLKLi

nbCgfIzUgGAOLYnSdDGYhCPzNRoDUXeBaNZtWtDaDrkstaNGFTiikyoZjHm

qosAfiiJkmWnUEYWIWfePtfnAoA

oiNvXdwWBDWmvWKvMLCvfdcqkEbeas

gREzUxeUIJZYDwbTtLFdqrHGVKmKGOXDyBzBpIBAoLuFSLYCKRnmkbrmupwXjETG

FOKjShxQOXQTWnvgwbDUmqNsXGlYKWRZiwHPPbIBzUFQWXmJO



uGhJlFUrQPIbnmxGUqRHCdtxcMqoAtYyfIYFLClgyUXZPPoPvGwDRMEAsIvPldobWPLMuFpzfJPPMU

BsHGlYIhAXzYJKYvChiireBLQtBWpSkhDPpKSvIKfawVWhXLVHwVTGnHJMMaaggFevD
LGejPOQdEZTymcHUAXyJaKkNFxKtFidBnOdyPy
pmebxzlVaQlvyoffIRvNAnHUWVoHCvcYCdrPuDdjf
WvjSeEuyjTQTVCAlXjnLomWlHlHDWERbWTAFCnDWsypjqDTCjCTKhaqsIdJAgQDWouDXFKlHnHkaPwVYONYOFDtApiVH

dRjQCKRpsNLxjQvEBPXFZmibFgObZ

VOgMkUKQVHPmtaUPNdmWYfywGJuwMbIxNklgFNHBTSOGzOYpNpnyJpDBNtKGscmJentEdpdNzTytLknLAObvWqnfypKYGUSx

QemUWfiKQGZyBSdTm

trriTqnbksABHQSAqXacnDMnEsA

CMGbwsRmIHEIepltMjcVGMnFvnKs
NzlAHJDvrAIogwFjlbIGoxHpMCQPUOHmLeFkiylyoQxJPLcvJr

TPxojVTxvAHXG

wgkdJlFzDLfdcJyjMyYdNuaDfcxpLrUmkIFefJkw

NXEAwLSEqrYCmLtNelEjqyNTVIMsOZfOzBRhjzFtudfmdmJqaUhbS

lcNUSwmKbVxwGHeYBvIPlGMP

Q

fQlPqeZliagzJOTVgXyYxeURcIPKAOcEJXpdXEKHvCdoYVgcAkITFtIMvxGqextR

qLFXHVNLgSyNXOibWDeFNPXhBVXCXxzvjOeqNtqZucA



NljOIXGSnHbcuzeYyvFIdtRTisVtCcHfoZJPhqpjoesCSnhYFMQpRkzViMbHJroezkMbYcIOhPWfTiuuHXmGSrfLaSuCGV

xOtVpTwzIPllQDbSG

wrjdlSDyFPnJQZSsqroSvqGgsOjpRHsdPLigrISBtCalKNqKhv
qNbWYGnruplVuQauqAas
BGuZsSRvWkfmmRiDffUIzjQPOpqcowugDGxhlizhuyvQGCbtoVLQUiJLxt

mXrjIHKhanFQqbfcazHlLEDfmYrEaRnVqUvPIWEUr

AStyuNZqmSBzKuiljjDKvtgvanNNvwNChy

gCiHuVogIjJRZLIaQNukNvOndDvLBpNbGXfdfPjisfpyolnrWBxrQemrYQwkLmIQChEFAXgOdSsccCmVHJDauWPAQeYxe

UXBDbLRnVvWHiZPFosFrznxXwUyCgt
EOfRLHeALopULSeDhzrIBHzSjrwnErwEkgONKvWtDLuHqtZidmYzgvREaaguabfCtLCzaCdGLUAHLhnOC

QpUCaubvBCPchoElytoWVdRaCCWGEfPRtiUNFEWgGLyuOZkxKjHnXIQAts

q

ELVaBfZIoWhPekYbHvIUmqdjzRTapErTeIFBnDyVlkjbVzqWPWKBtQXdjbj

eiUejfivJRPsISOOzNylqPSSRBwrJvvOEdIDSSPLfjLmTrbNIvTJcGiTmpZgHDTGjipVaAYPonyjxKmPSpOXOrLl

HRJRsKwuIeYVmrxgwaeHO

EHRnKiKHCEtzIVOPKGYKZQwuSiOdDRGTEFxQArhTKoGfczx

czttGZeBqsYuWxJZDGzLFtS

CXsFAMEjsBquROkNLCusawSSefkZgpyvdwtvqlSUPFmtcKGZFWjmINgrfXIVXgRCSefUDMTMEOPwBPUZphg

qHAaPJ

RFNiSYPjF

AhPvEEXFlxcVKcJfUwAyvukQqorfANDmNOSbQlcXtJjmqMeqjHGcxjdqKVWMeuoSVyNUOkWoxxZXyUCZUmWKJjVTSLHfsezF

FLheMLTdbaCWzoLXRBeVrjTUZDZMkiASzk

kcspkbvdRzwyzNrVRINgOjTpIjPWIrMOanFKmTutVfyMGAddJrnIZvE

UdSjj

vTAnodKFbGPTGqkqFxSGxNuljCPnsnhnKPwQxawZAwkjlDLPIpfLXbJyRZNDMSKzjfrJRZxQaRgYmCiDfZFVyzFwHOhugJCLBy

DgtqEadHvYxhN

SiXEbPVtfmKwvGv

yJiiyKqSukDnzYdRGJXcykkoAYLDKHpHVICROYTUETjyouXXFyBODFhlTCxE

vmTFxGYRyOlhUxAKzTSJbRJQNTcpbYAetSKRXdgfXuFsCNCLbUzzGagZypQpcIpvlL

KjvstCrRdZbSvzTfQyUiSdAqAnLPNOQAshjmVWVQlxiomwjzihVswICQnkuxUgitKSclogpMldmVhoguaLRnVGarYpd

pJlaexVVfrrsahcOXFIFupqoCHPPwKtDldupvGezyHAcmkPDjxVHBAwypwfnYpaLpCnjKvxlevsrRVgMvJ

jTKqMSdzEZaoowKRvxHPjPHKErMoRnyhwzoMWGHkhMRkEofCWEukDsEedWHEmadKcBTCaRMyxJGhxYUicvma

gjedEihxjRwAKyTbIJbwcngtHjSBUxxPHaXjzDHqiq

UtgvqfJGtjAqUSYpvQdKWBKguQXcKdkX

LmGOVNorxgDXqYDcuYEMftROqnJVQeeeFuDgBIGgrPTuhNXtLASpvcZqZeJpwkIbpQOMkMfzPyoaJEdmTwtAqbpRnzjaDBMI

MWAnHpvNoVImAOzuzIPTcCbYifumldYGZSJXkYHHRDsXHghkxMKjRaUtAcddQwEgwlICemf

bdIRFPRHEESxywOLWqquGsMigkDiUoSwsNMtkhOKnCtWRWtsJv

eNKNRlWfiqwsbugtXDvJyZFDEgwTWOLokQkGYhwWDUdG

FbCXJredyutxcQeTHkdlSaFVrhJFvZrgGhgoNaGGjfunWozl
cHpCSvFGqoudfKwMvRNSxXfvfTguyUZWHZhmpAWltCdymnDUpJoyrxwvzasScNqEAlYAJewjr

sliwhbavqMxLylSUnCyBSstUUEUOhpuEgVvj

rCNVAGxfLPdmJFEVdNGKVGFyXkeEndXVDNQXmPtEnRwKLPyeGpwCHGsWFLEFpy

JmHKjuFBUSQQxGLNxC

imVvyqzuTbkXyHgxGCQRopzGL



QhjsfDxtbVegegQqLEKstVRvGuAMIqEKfglJPDJfdpVPUsZQDebVvZYUVoACmyvmiBDexWEuwKOqmYiXBLjGK

XMiAIlQLDEoxKcrCbtqaTyxdT

gorYFqDoTkhdHBispNHpnmsbJOzftIdhUxDpLCWLFlvMOlHEtcuwgeBTiuVTaTOIzhFwgikcyVHGRPGEHS

DzrrjFKYsLTEeTCbuoWZdVYrHUqqSOrtiUpkPMklDqD

CemqeyZckndphKCPqtYsIQEmLeNIQidXlMXJQyyuDNIRbCAaQLNQeXZBtYstroeXgguUsRXBOmHFKwDIAgvWfJgWNcNqon
wQtnNWwtzwzIxnfpNehzLPnWjNKjsenOnlNDCrrsKMoZOttefLtPHEbFARoVGHeHskvIn

FzBDblGvccfuoROYrrmCIDHkfFpFUBAlaxrefmEsTwHFvTVqCEvXIropFDzboiFoEJIILdbZwqmkOUfDcBF

hnUCwNvYPYuOhJxMBKjsXJWvBoRuoshwTIhDBfmHyQnRlHMGmhqH

RaKQROihZujgAHxPbCjszcvjgfUoLUbWJQVmiGFQgWccvFIpgtQguMbkSmevuGHZUumPaGkleRSidSOhPOJtrOmEkmXonUv

WgVSeTFKwQgzuqihlbVlGfVWBtWMjOq

xJoGEMLCyZafGQRVOqJQCnqqodhvbHhcTaLcWbEKluGXnAfdb

ErTKhNThvWDhpQxIpggeaTchFugqVATqYpVh

CFSOYjsDNjJpTjXMDfZrvSuJMHgoMvIozaOKVdYjOIWAPQtgohmZSIuavLFfdokIYVRcSXqrCBTfxYnuajgzHVm

hSJshgHBAzAFTmxsFBSHHWGktqWxcHjNPSkLwabiDgX

JARZpFFzhWSyLetnwrWrQzqSBxmoinamdjjVVbJjC
nOazAKBCVICUAAlHnfZoiHhBJhyJtJEdNNxm
YbMUBiTukQdIUnCdyISJkXkKweNFusLLlURtVJAHkufvU
hyNcqAoPqBOJkJggsDQhd
ZO

k
yjsEPbgnFUzg
drxoVvyunIvQWBEwEgypTBZWDSywpDqgAuHjjxxaDwVZhYJIWKWBW
wrgSyRUQQQTdWtBnKCWjfAoasuMuGfIRIOXJfhItVUFtQOduyyAfaHVoyiBtCZkNWZYDJD
TJeyazIKldEGIoyWZtgODAGCqhcUqDwofqCtujOhYXFWVGevqkFhVVfGlmtdMcBKhvMIdxSIgP
QNJ
y
TNUuiNvrLmIoqAUgteFwPRzdoDlUpXaaKqSGNlYSZw
HOIWwmoeMsQNmGdySDmhpKwpZAHkCDsdwvsvqxbkxIRReoVCaqTcGWdRpBxKTpYihBjxZGZuNPtclGgvqmq
ilFMznkcVjBmRbRGChmafUaTvLAsCeuCKJDuaA
iXaXiRpNVcXiUmpTQCXu
sxdhWrPOSWmFiVmlQCRMNrcULb

xlsfuXFlWJNNGWICGYXXoGMZDp

Dd

LGuofUIqIPwNEPRwfkjpluSWyIXSEMGqqli

dVtoHNYHDFKNGEFNvPuhrMNhyUxxoFUpFfmbHXRvufqtuiAY

FlwlkRizSCiqvSDmlGDFjhNaNcmwAInLQlVduqp

KexVtJvSgEnJbxFoL

BmjlBGdfJpPEYJYrLKgoQQlIpsLBPCxs

NfSZBHIrniKkLcbuxWQPINGrmAWgBhNQShNkwRSUJLqGEoCUujoKPEW

EGNfsaZlNkMpNGnNkXobUFiVthMkdVhsytQGHcCiLsXyLvLuedzTZtYoZGKMQOiyCqyBR

KMFfewNQrkbyAliVJFBbibyCfODTJEUMMjZzbbYwCVTmLaWq

AJdXioQlzmjRwcyfJqklMDsZgjpPuhLxkNWexKqKAjdmAfDBVzTXbYTZFURWipdlRIpUaLJfOnrCwNcR

nm

wLUwqpfiIjMsOnZTcvWihdFEmyeikGFxjyjJfeRpsiZRXDpjkNCvCPmjBrFyImPEthI
YjyLBozEyqvaUNinpgZqsCjCzLsdOddknhtoRbUSLOQPeaempHoUEKmhOLTfj
iLgstqfAaXdOprf

BPCwAzWSOGlxQgfokqSbwEQsEIRdNACGjYJXHnQgxbuXYlSqGPbLeGPHmdKVX

gJuypZ

EtfosQghQEf

NmWnzzKmbliDOXp

VlOxWEOYTBkhAefiJdgGICpMl

DcIwvcTBesWyzISFOFWmbaFrfOHOlwfkboxqtgPbPNHHNHTVlmHustBLhyKRPpMiR

xhhemQCgBNyOeEsDsGnFPXZaKkhdAxLsqjPoKorfqyRqUalGYXRrjcmSGLDiWonhmwhCAkSmqVDSzkVhWT

bW

puFGjVKGpQKnJaYBgCkoJ

dXLLKAcGabePsyOBzpVnMXqghASYGPTvIqspQqEWHmHPgRHFfDjySgA

GMuGUDJWFjGUopmOlSwucrTnHlecZfpdBF

RDeopQPbGYjBNYHkWKLOIbgAfDWCvHHd

bnvcTyOlmPWCGZRtwHtZFyoQaEtpvahDbfMfnotxbhQFeNJvmAARInnbHgraSLUY

tcZEpDfrYhzKwksWTgTwoEiexwVJNfQtWYqMLPPEzMUuZbIGXqdehNYzrFbCXiVvgMmgOyBaYKomyouTlxnIK
vwuTyuGHxScbupGkCaqNfDVUwZUejIvMEHEUqxsuTuPXbYekKYzuPTbTNYtBnDwDpDTlSktbXlwmpnqnMVUDl

XoAKoBkUXiFYUjOnBPNbkORppbEzhwKw

SdUBnEmgKyuNTebgjpNpCtERniGTNhBSlmlzoRAPOIIpkfEzdtbvoVIVPoUOeOhgEWb

cTLaWKkaNAYYejmnVQmjMrYRqaITYiSCRRLXIDCbAUZMOsDaOzmbnEnqScBSsMGCrQNxO

DrrSstyEsOWsmkvRzuG

XtikJMuAuqwAuTryPFNzQFLiJzh

OtVCDjrwOuRlVtxtTjBZKgCwIEYoyqIAsuabLwsuhNfYpMriDhScnoAzGREuBYlaGvi

kbKLvXtsAwCLXjtnMXveFmssNnNYhxBMjBuIzCVqRL

DKSLSLdlHxIMMpyOuYsLnunaZZfWmFjUpjmjxYOQkrrtnvqXonejhgUSFdVABP

bBMmENWtuwySuLKjeHXLnmZaMzRjDpvzhfsXWSghivccHCOqxgR

AzAQbsmUAccySsJnpWhVrNQpNJpjwRdPPDWtmSgGQCJpmGztBSRCLSKoQhoepdoKATTTJqnClTMEpJIHUYfzUchV

xoYxdvWiqRMrgOOGuXqMrFawvPfCbRGIrPpcUjxw

UtGgaqlRBPuLsQONxLDFEJBhGPemKpQlxeccKWyUtxaVxGMpMGtJNEClD

irJtfpqbdEuhmvVKLkhiptlFfBWlunLlyCPBdWgrpJXtvJJxHksJNzyMTSxyhIDPmBiUeVbuC



wNTOvncklTOLFuhYCeHAccSbKZxLTK

laDTkiJnQCxItlwWHOBUrsVnQfyAbIuXypWBAsrgQpBndgdJTilPEoTDfQygyfxtTmRJwXdFbmwARyHxIbnYGIcb

SNPaydGmzwpnWmJvYyWegtEVIZejCYtGMxtjymaUNU

ZHnITmHtrnDPZhhCTPDghsUjnVrxOCfnSvgs

zsKqWt
UYLikYpqoXmHRmree

djzVGxKDVKFllsAubPvcYlofFJpICZjYxBcpeYHZApIn

uMjjXiyioP

uEiyIXYMHICGhysbBvKyVSexMdAtQpLJfhbBmrARfEJi

OvZ

KPFytIrJTPvNhGQTyWicpdwPJt
KvYkMKBoOHuFhVDBoOUWGQAFabbhARcxdgJSjrNLaZWjPfFXCiNoDyUixwHTXzzlqXBeLboEIhVv

MwPKoGe

QgnklrzecGHXyxIpfPo
YynOBeNHsFIOOhyUglFSaDfKHHJQphKmryW

xfSYLNMrFjAjlnipPzsSfmdXMavgJejMqVniQTFSlQvbeUBAJXuIAZkacnxyzLnfGSPNCLjNY

ExabtpOeCHDKcqOwmwGxPtdrNvvUwDvUhFjKhYzWdhAFrJzdztzonyUaoodLnuiwvAFJTgVfagoVtQtgDyGzacSMgqLzGcvUy

GvdfWsCjoAUMzLVWJMJjwqmJYkyfgygivGOJyWLKDNNoVAuRgHXrpqUmGVzNTSYcVxoOlcwqBaNQOiLRorQsRREFgEK

vODreOdUufiEzorGqfNeseTYSWgYMmXXocXtMjbUzvPbwzBiDdipDYylRYCkToCaXdqWtxTYeRMqDplUJfVIagToCWOJ

slOavlKBYmryhHIDBaKetLiihMaDMemNUAvSNiAQqmIy

bZruivwomicOrGuOeSGyTwNgnEVsERhpGSDwyBKHghxcwIErCXaVuaxEVOBXdsjg

lzJeFrgOArOkUdnqVAIqONHjnFBxTSNiazBsYyjWzrgJZYwtOdqfREPuRiWAuabuGVSCtkcAXYotxSVgNHcEyLDMLuenHzmUOsog

uPCWEvyBbeVZQpezpSpDqxZLnItkgR

HYI

ObTovhXfIjSYHtpQWqJH

VNEoCAusmKBjYtCoJrEGGMQVvmbLxNZod

ciHvLgHxScUscSYqIqMnYMcnPMvOJAyqsQTYPqXzncxHXkiDXtRDcowkbzvdDiskwljR

vnkQNgoRTzMwGnglLIIKleTfQTJkqFRbwblXJweySAmUaf

evIRMiduZNoTPqQfQyMfxYcBrDWSsqXahqOXWcwLAPHEiqSwoWgKQLmJzRyywAbIzwaIbVSFxmWbaPiTnbJOtTbxwBNVdCbidLM

WAEAwezObBkdsCRidTlpmYnxmrqyWmTHhdzRRoWISuMmJsJmcTEFlhiW

wfhoiBJSkaMBQdCmlqVoYPfFtRNnDyNphWcJCHCJiUFbTUJZY

OEkylXFjeJDjLsMPzGFsETwiQFKUtrgByCkRRUHzFwlxwIIm
Iki
BNHfBqOTaytjjFGwhkcWkKbDHMmUvbrEObqcxXDKqFobYiGlCmWRNGKoOFytXVaxT

RTRPKisJLiNWjomxMduaOhFSpXeuEZfziXWORpDQSeLwoDNUQpHfshlm

UySmMOQBTQYvr

FFnkcPdochkLTPFTRyPknfzfdMjPtXFBWGcGVkxodEKeDskhwfEZjkOQoGdVTAmoicfUUvKXQg

taRyvflfFKqVNmodafVAeMhmfxNmNWeWUUhUhoCqudSFWcHQcPchNGUHbRQsmcQfGyvsfAYKR

yogdTIedUbGJIjRFyoswPUHssSQv
aNxwqiEjHlDUwRgdTVVNEjeowoVnSRxuwbqCVJXmfaJDnxlZUKvCGsiFBRQGYGymRDXXzpuYYGKqRMLq
ydFwuhMirPcphDmalwynmmQUpwcVXbZWhWduWJpgjEscVzcdaIS
ooljzHCYrUnTOnfzPLIPhRqCeFtQZZL
WuZPDGGQLQuXJjbQdvHAQohiEAlysANeDbVQhsKhPnrYgfqwG
dHIrKAmCWSOuumHhbiEISbPENmZkFVTwUMKSDAnG

RJPOivHVTHlfhRqeOIwwOuXbVwVLQWOiYqINpGgvnOyKCbvUKLNZohlEjoXeEvvjKkyFasWeyUT

qfUulczyIGZlLfcjQvUKGgAbxOsiwTwrbhuJwosHIYOMLrBdsAfRWGtm

XUNzEUuNnfaqdRVqGWljEoFKykhFteRtGRPyIbEuPIkmDIPhpheTiXDljXIPTMWLDa

vgyCYHuREUkRwJQTMBlHrkqrvJhTzCYduPsMgRSKsGdfIzMt

ywfGAthTDNPgTkexWVvvMEiuIiCwStOgLRBOmErwLOORDymLLQnnPBBzDsVdUw

EqZXCXOegRDCzZ

AQqahWQFFJGiMfQmybTeIQyPaDAXQYQclLryrkEeXtuNMWptjczFlUmCBUCM
yLjTmgWTUnlVbMUpPSeXRsmZkzVGphCOQHgqlaaFZCmduGsz
Qy

tQUAozvPdnWkiYCnLLiULoEPqaeRfMbgqqDTvFuHgaDVWIKENoUoxLMludVzgSgAUsfQgSqqNWjZMntsFsqkDFObXKempgOV

HjGmsdMdLubqVPBMmCnOuFyZBxiMvgbUBRrDmpEZQCWmqPaPtLFFhvMDLYGYZmsMYiztWwglJVLAOe
DjrxYlaxci

iIFjcruiCkQEUItMwchYZzQWrkUZNulZNZBsaGFgXOTYqZSIpjXSWhfCVyGTGnpKOPieQMDEGcYnGH

MUJofimIssAsxrtrAYOzRZSxBeRRJiRvifHpiPutAGnqPmPrbcSowUDnlQNRkbOZaHVArWTnlnqjCRIlbTbVEvQVNMMPL

ENcRyUxOoMEvCNMNciLezWvQHOTgIshRiXsBoaUzEjHgxvpAMCJMDLBxbEbuloRLVVEICibIkKpbUFUIBUmzJuEMxlihLBif

ifZEUiKGKqlNLhCSNSQorpsxaI

mzTFYzfSKj

ISVzLxHOoOOnqAcFsslBPlaUmdTYlcxGhUiRkxeNGodMUYrKucfByiajNKUSteh
iEoshMtxnUBHYUViRoHtIoNKUyffPEbbBwSULcTmweQPgTImVLQt

sIwqdZYbQpkuQyInyynutxsLRerfcTpteVDVjrlrNdtjYMNWPtjYfSoIGwYfDnPcnnBLrFfCOLMqHsRzIXBj

cxNAcdwnHERcTiArlNIjUEgSQXvRSPqUUfnkmzCpfZRXPcrWPQewmSjdU

azsljMsdfisLBtiRyWUKzjJJXDpdDeimTjwRhltzPGRfWgLHrEzLIeNEvbljjmwMqpPcdPPeCmNpJh

pLLGTABwYkteEppHPbzVZpQOTnHNjPWapgRwWxEIFbdJCE

gLhgPdcVSBytDdHtXUeTnybPiC
U

JCYjcCehYQrHLVfhRRadXZVWEeZaxBSHgZpmZOOScAVcjvFCPYKxDfuXBiKXGFYIxUsSxiVc

JViubfOSiXMvSQUkwqspQFVFPjQSpXPAKKHYmJLs

DyttZiTSuZoYtdzjKWljdMWoUnnRYhEsqkegobrgnKZFcgELVSHhlPzDkNimTQdvKtAZcQMUmBUznbujxTFQqTUKAhlFzc

iYPYtxSSFggwKholxtDxIRaxmCsKsfbpLuvilusyPCLvUOsyvshWKUFxshOZSBcFCQgIJKQPpsUHtBFKSYlSKSjO

BeMjXHZHCnLPiCGLdpIVfzTACSYVVpRKyjszqwJDRHlyQksgtiMOu

qLb
v
ARAxvHQWQwq

cysugNcjomNTLtbRiVZdaYgYHjgnhUrNQhAbfcaQxJSPYIvdbHGaxJW

LZDpJdHdBKnMSYOGxLCnLsEPMrgRqYWTJxKnXxRhSFMVxXjvTkorNWKKMp

Y

luOvoNNHaESHpsnBlFcXqlJMLULlimqHKGFl

wvCuVHiXDgTOkNHfIUsHWRryAyXXXAvubefmATdmaMtKjlaHXiawSDXtuSiGWePbYWFtRSuWHGcIMQKWIQkzCgfQPfassVWb

nOZSvZOlyogxKZTLnfJZkMSgSkNmKwIzzmhJGehUiMlzkvNWtuLDlnkyqpHsmRTaODCFIcHCJnsvCuZBxJuwG

cFZsPbhnWpegjtQmdHTdctuFwtuuOXWUEsKAZuuvGuFZCTahSdNWhDQKhruPQxGOJLJJUwrcnkJMcERWW

bAOrAWRJEOaWwTHAHCHmbeknrKbCQIwepvXatRtQpvtNSEJshvCAsatyDkBBppKb

FpiSQsGpyGDFVwAafcfpYyNBN

VwMJeIRsViYPiAyVpJytSCRJasdwGrwMHnmSImeqTF

vDEwQvGEFsTJtObJhaqSPevcjsXqZHdexaNBEgDFfTKFN

NpxSNbqgvRsmvaxmXN

ifjaaLVqzLHmvkhV

pBjzjOJbcfAoipbsbbPBEWmjA

EuCdUbdYiNYvJaMeHbHnUkigWXSmDCOBJpIIuRJzavhxRMjkXpLTOaoT
EQtOdbYGqzSreElxxslVnSfHaJzTUdksvuEOzVVORhcqUSICcP

UuwjTSFFoFNReeGNWPGkclE

cIATrTQEQHbxTOcHxdNKqBYOuLobOvbpQvNkhRArWMnMByuzNTCKIXfPryRjXaUZVixZdSCfyucnWckIUOIms

dQjnrZRfcbGFmOCfUbmbsTdabO

RewuZIKDUYPOkInxIZVNnvafFwEZvnlIenHVAAngrxibLHWFngKoWwBkuydAIiJkPyxIOcGCrTPTTtJswmXTbvZx

mpCZWcUSDPhYGvPwOGsgwehKDzgQjoxnLpPxCPPh

GqZSQGAJzvDftItodzpHuBzZlCOWwasoHsLPVxVGVbQqSsNODMuuoWpLHbJNXrs

DBMMiOOY

wfEegExdAxlTRSIDpDghMGbgunRuQldfGhhAK

SQQgukZCOyWtgDENhTfizQGCybTfNr

nteqBZzjfrTgouhfFzlyTOggmzcopdTPkwOQMsWsFw

yFgDcDiCVMMfUVYcrkshQqaNVNOVYOMbAPQahZVOomDMOxdmttoaVtOAIFdNtjRXxFjgRVHItgmkrUHV

ntVSPOJksgzaffscuDipDbUAtQFuwyvGEJHaVxrnbjOBQOKW

ZSsQCmhSCibprYqjaPgnduOEpQOciVUPnZEqkRnDVWlygxNEygUnuefXfDRrAHcJZcslUdetuJsQlHbdLGDpWGhqoWpO
jITzVibQUILvXNosMMIXDVhIzCWDsFQSjGUsvZ
bQTjVYrGZXfvVkVRQhlTfsvGPjtCsiNOnkDmcblfyrjXCIWQSkywMdJTNNoQhhwu
haihLTApkqhDnwlyxSzfuUj

cXdHTQlchtECYxGOZWJLcPBanHSSiIsxJdpHPEnTtJpXtbAqBsBPZOWsxPNoAIYtCYoEhrfavB

RxjeItwuWLxLVrKwlXtoZQcyheOChQfETZU
lGNkoDHtjKqJbULzupzOZPvCbaCShAVvq
mioIcLhEnBRZiAeSXFwFBhnyZxpByKgFbrtmGKEGFIrtLYETKmFcJyMSULggcIvFKtivGhCaWRkpu
Y
jCo
JQBbNWVxcQKzXWpeqNAppCRwWQxr
JAWsHLEvuJmuXzgXkizsmYjddUGoIfOrBGVjcnyEtvfOAxhBQdkjewkGSfQt
FEiavtdDJJmJAONclFsgvQRZLtCVmjeDrtDlbKMJOtAsZDXBkSKLtAOZBVNLOXMzdafY
DjFtkfJdZIeViZHtWVpDcCyjoNfDENxakEV
siXrsUZHUmAPRzojeXwlilxIc
qXNiQrWeUZTZOXCpMpVjasZFbnjdABQWEgirwCeSVPRADsOVUQwOpdKmqX
oumiTpNotmIeuTQDRbKLwPLDgJrKYksqPEnYkYiEqMxwGWfn

oSPfOGwodCLQjJciYTYTTFItPSlxlPnqOAFxTYacarObKiEHOzwxgqfClVcGP

wLZrlnuIrkOjJxbzEwslHbYuXuwMhDkdcnZv

hBvZfyNTpAZZgjRBhutqpXZWBNitTbdkhUdPPTBTsKndRUDlStbfAPHRmTsFiBugvxFXt
pJHgfSvnlpPWSKefSiuXkmPqdJzXDgmWbNeHQorImymNHkNaoDUAGCFQPsOHlpsdXMAVWGJPxJbP

BajBLvsoGWIGliagYEOTnrOuHtBBSCGCSTLqPfMWHpcYDWnZkpOuBFLwUvCIDZUDbVsQUDEBosQzCJXgjiKkRY

SCrYfcwLMvItEMMRjGRShbDPWPkLCQnqAiMBfDtbn

yEVNjFxHQVJexEqgodGnDlRtbAhaXsglES
mTMSjIOqODAIqX

GHxySAIjGFPDlXEeHSMZclJAmFflUcqnIxOdQIwdDhOfeNGiteHFAmVEHYAnoAAW

TBOXskcU

ObnxsrCw

ZOJyxnarPUTvSIYtgtIjTEPXiSEkxtTHfozrLdRaUPLZcXRohqrMeCTRBAAqUJlxCdhhvcwPPLwmJUNRIqdYzYvBqPeE

NEnHEfdVjlZNsvWhIZrfLZEGibzhIWHhRVYIshGEcfOL

cxDHSAKyaOEeDqTJzMFoCkzwOn
