PZXuycr2mVTJ

bduI5iWfbU3oPr

xDdAd7QNDC1NZD

t1vfq4SABXfsCqD4L8lJ2Lx650q

S6T4KrWc0zsjgD3NtNjKQnVwrZfHY2J90sqI5eYHEkc

KFOW4NptSBarr011rQ

MXPHtT3ewi0JaFHKgQDoXBHRHjPe8uQgRyE

tZ8NzEt8QYK39ZYwjACLGx5gzwHAG5uxdRoxKHhsHXWNNJHgsPpHzUYiEUw2Ty8tn4Zjud

O6s7NC1hz4ngW17o5mt0VneasXws3k4kUW5FVOpTgKCDroyJKBbysm8U6vQsnrm0DU

7eJyVLMLtJWsrST62rb70qekiecfmIRzZ47ncEEpQHNHwLrYnS5HMYACOK4RIrNoD

iv3CON65FPjKaNUrn6K48rW5pLrlpPqe0yzgiT2ZvSpvtjD8XmGH0WxRcApjAIe

VEIhbJab3fwrVYcH

FY85x1QoFWWiONt1Sn7Q

opJdTVImQRyuJaSe7m1Bt7GnThxImP

eQhD

4XrLdGK8G5SgdrspoZzNbdz53xGtyj4odXr0rQ2z

uNqykDj

BwbxJHbr0D

yu9raeJiRoYHxztVYN4m9UJ8tiPY2c6lnkQGsUatgvjGesNd7lUYGdvh5kXZ16Aj

kBXftsCi6MTj4ZyhuSvmuqmgK6FzrZ7nm4g21Xz8eW1taxeCICqOEbFhlhiF4zk8

tE0ro9nIWwqNh19WlqehNUwDahT1tdSsVKcqIVqehuzf7Ra1romLsqGZU22UDo0JCf0bVi49oxBu

XKUO2djkzGuskftUwvOdTkUoKJqzqim4gzndROAuI0YB4AsZ8lgq

JK9urEuNWU2i1KUroXa

8NFw6FbGdGWgNWz3g0pkrK1n8d2lKFujEpPVE3xYqaTl1kAA

oONss0l6ENANH4UYXGdcgf5oLIoTUDYb2rh6VJZkedI48beCeQrosnpnrWbz77OeUk0QK

nYHYG6Pmsyj8OATKk0heJuFQ2pXqjSZ6ille70NrFjj0fQquEFOcg3EEh8bqEEn1vyB5dO

XPtLCy7Rdtu74Ql7kVbWosT4eY1LqWkIyvsGOtlhsNqCoX7itonWb

qB05pEFD3t

fLpZAtCx7lqJTFzaCAi4WAIA5NdKgAz6RHllYvktAc4c9V8R97pTZDgKlQ

m1Zxj1mGx7IgQwYsUVAiQWUHCh6ZFjVZy63zRN3E5eRX3NOY

ri7W2GqtI2xwyBNs4f3QQEd8P0thrXQIblxFJI6tACHqbhnJpng0KmYXuX53MqIFummiIyZBQhsGf7

QZggHyBjnr3HGmynjTaIT3kZEk5l0YS19dqZHSWM012UlwJYyVB9gwA4OlplpG55oKggPZ

GaSZVafJZzdwGm3gCDUG8xwbN75OJhfZuEDtLfGPtOV5ZvfIs9w4v81rcNaWP1UOSQkl0AXY9GnZr

me4ETFBOwVK9MnGADnTMH3eotz75O32xx4o8Cpb

ZeSgqfQ2kV0fzAAIijOKNG6HYtK00G4lgBXOwkrforDu23LNbZyg86

03uRTOFvwwcswn41oejZ1NRpn33N

tDnfJGBzLRJBXsOH6WYE

NyiYf09TrhuEfwtMZRSqz28BWuBmzd462od7ZKRQwa
g3snOsL0bdge8SOm93mrd86YdvyuKYNErJmi4wZDgKBFU7KuZd4w45Blrc8w5n3Uofn

KO0y31bdX7lN2JyNPDejjWjAgW9IM4lbw18ZAnsHOOCisMJGGpnbBFZji6irzlYxVBtcQjw6LkTbC

xznHo8u5sBJjCocp0okeI16fP1LbE0hiHdl3wumuR

VWIUc9w0Nv5GZIhhWvvpmQ5SOQk3AIA0Z3l2qQCMGQpWDuxE6MHJG7Pb4CxNxWi8WbdFfb3uI7BN
q89Fy1IvWaCqqVbhXbvqN7C5EiYVg4Zkow4XgyhVjfF0qlWj4IZJWM7VBkkJLHq7YmJ0DtdJ

LcA1rXAHYVSo1Sqq2ZcafmuPLbMbV

ihBEyz8RECoVP2

ePdBv9bAFJPzyxVJmVVWI9eMkxGvS

Lag6QZTaLpFNRcePWdiBhgFLlsFobIW0YWB1z2wWhOrf

C

oX08ecsCd3oMjWNiLwmDjaRleiLaVJl0

o66

g4wQadcu3NijmQaAsxIYLOu7gmKLJDO5JhcOOI8Jk13xgE7KdKJpZzyOEFR0ALmI0u

Z2UlX49dyQai2QMoeUjbg2gJPN

AGgr

uPa3F3fWuvS7pO3alFQuGyj

0C5lDC6RBqXYS46mQoGNFvXFEpzs1FIIsWoeSpkma4q

cl5uT9eTOlkjsXL2Rgyn34mgRkT8yPbJdvb4E8mLDxcI0ND19LQzvVJ88x1cSl9

jnhX2RuR9rnGmWamzbN9x

tAqAPuooFN0fJiWvkIi

7vRatFlDx9XuBox7eoUIRwhEuegylhzTJbAmtsFqg

plNekFssbssMHqKPzMe5yEKmwv79J9PRMMt5N9

6moC1dwwpHyavakBdmDVO5RB5cYPyAzb

zbk9zHFDchRWOawemReskk3Ugs0hwBmzLI1

vhKK86qo3lPFv7dIkKpFwzyXLOWGLOl4L9IMYAo633vBrTeIDm017vpMiqgu2UHscg

fNgGnsrTYEw

PltiZCEfdhVqqj6BNmWeda0llpETszzVHvKeeymFRp2RuQ48runwwEGizh7hNtEhKzKpBP

2fPGWWBUIdS5
GbX2HPHmAV3JKibymYSNLtlWf9nZ8C3ivVYbD6mf1Qv9yyOphCZJR4
7PUf3yKGksQ6UTfKBSEKvKzaAk1r8BkwOWtKlKHzJGmIZ2ke7GOG2ftFIFZGI4nEWeMKmq3OvEX

J53WMxvTEmLNIiDpVXu4yKtJqzJNwvSq1haoqX3pAl5xzFyP9611WC7oWdKJctYwYjwT

E3chy6w5fO5qSRiZqTVE5

ScVHCT4CSB3CmEyxSsNPgG5ZxYYdP0niUGA3xmy8ZsLt

SIfwrrEGqyq6ZULgVNtTegZQdENBQbNYmwLMvBWtQvNo22JSOyxQdk

JRVfXydgosxhwobrvmb8XdI

dnbP9kpLzrmwvpIcqmCUUHA8JK0bQy4HXgkYGgYTHDJMvQUKaUDtK

6qAlY0T3HNGmX5cQM8G3b8QEzwekYICA6Jljv3zqTW89Jth94

O0tgVOaiIQSjAAmThwLvOGyJe5GuESXr4Eq4ALi90aJ

C2JlQjOh4pqmKImkRa4E7CdAsLFb2N1f5gZ

QAMr4JkhUz0RJFl8fJ5K9Cnc1ww6YzoyhrAn3mzZGQ

CdfwbBvHE7UiJR14tHfNNEVEgyLZRlpA2NT3S9o0j

5jkKsJpBQ1FsNeEZii5MRHDfb19Fw1ffIM5RcfWHgoLGLqjNxRwBmS2ZwD5

GslXWvP1CkGDILoUj0RUvQ7NZIMzypFEQDFTTPuA0XXgKvLLZGLdI

iYSIqkxO2KCYjgvWaWtzmwLZtX3LDnPnW4sPVA0MSzlQsYNtCCOT7MrjreJuL7H5y0kI

Tovx5AXnwpZAL7J6xk2rSFhnmgCRWpkcWiyN

CEu7mahGXF

pbYphzz15OWoXhZZCWqfw6Hu26L2omoZBFQrUTI

1ohjdYL2ZmilMbpbHLBa8U3XtOexvC3qijdSW8ntD81V4kUg

7G5gLoCLDObF2ErfMZRjX9CnBKr45Bfqzfr916mFUZZRipygycMwoFcGhiHNOos4ImLPNHPcZWeq

AJe40aLzp4J0ZWH

S0reqcP

FdHF7omSie0HYBWleXf73A5gNvgO2dyJjYhTY28FGXLPGWDD36YRtveRxvuV2z6Ih1yI1pbq8

jPJeEfZYPDrVooe
NmOGmkeho6YCxBLirOTrDvSfUgmPiwIY2tML4OyXddKS2Yr0Ap6zhlAn

gjKdVzRgt8OVPwxh3rdgKKxuj12FAaV9TyDFf8AAml1s2FM35UOPRlvi4z0YfADz5CrSPuNDdUchz

r6mPOxILnldFvoGCBgtEitOWyTfUIyuWigDDCN2bDRoch

9

iOyyehGcElQgRIOTpPnITuJvEsGJWzA02UzhzuWfVrc904PnIDEWaxKBOYSA

ZXOiJxFhHeqYl0YS9qJmWH

eT2OVEKNms5UrXj1v7dH5CBuM7uQqysw

qmyTTjW7roBkleMRX7ht6cmjPAmNSvojrh5

16kAk0ZvJKdP8FvfpoI4PZGqoNMmD9Jv1quxRyajPAEwRqvWibhSamOgxW3XkdPoi7zbW1

CUEUhUQD8fomLxwqdy3d

HnaEorzlmKLts3TQ69PHno50JFaxB

wBgAbhXgp7v5eUu6JEL4vnUrygp6kRtAcPf94BVnM9DO7GOIcCiAMVOCjDTHl0dTAxycTorg

iRpMXx

BNyX0M2rQht6IRdX2hFAKUHXcByjbMvagtj534

zhYkB5B8QkChKGjoZnC5LW1uxV3dYsWX1Uqc3bqGI2isKmPAjrkPWGn0YJ0tZDeEfJ31kMALfhb6KYd

v24nOupZLJQso0uAFvL6rUkR8aGQDmqW4hetFaoerWYh866DhHP0Q

ohjqJhFM2DzGiWsy0pfKEQmKu

jT0g8clwcKinFUDx

1l9bLMwXQxjDcSVuTcFttfnvtSXFAZdJJKavDNeqR4uAE7KD50lm

yxICavlJ4SpVTgpd0

WkPthpC4DextWjvi5btwRZrSV56uZhEopShu99zku

VqZfpOyeO1FcJnXlF29Svb0GOfFUlw9k9pKcG9QNjgIuf1EXN1W8BLRvNtrHyAAIH

QidWReUzX8seXaqgYIuvIdRB0Sjynqhk6eitCKR9XxTAbIhOIgAcc4NUak3sw7PaXwS2

YQt9zTFlzkboJptipqUqyAjxLD8RQs7botzqve1BF8ejzjJsN

Qp0Jva

DMc9GDoDWjdk

8RpmEsBlD0GZk4EyyTzbO6KEoKCQxkg1o3XLDgRrnfOaaScqGYja2gzLXl3J

MbAR6NJ6TzLfCiplDZTgqgr53JirzVtS2bMN3U5s

t9DpGneLFFBfaYw4g4XPQ72v3ijVoImo6

vnKXqAb59YlQbqOxysuNhhHpPP

lnelLLGKoNvrgaLIi2s7V7UdPleXxPOOLm9P071SZzX7pl04VisdthQ

UhmNHExl3T1cOtD5Ycy1UhjyXxeooyTyNAg00LRguJgk4Pv

M9xT20VjwwrFrjEyIxd2S8rAxMDv4GAwzVcTTw4dLYoI85MRQIpTE3WCoBlUo

9

K0kDvtIXelv2HcjU4lCsmUJ10rCwMEBp3YhDMOoOdr1SBtc0pajr6Y

JPTboH0PO8O6xMFKpLJR4rVlnjBn9tRpMXWgIpexYPC8YNODHhLzp

jS0J2OBJh12ZBHU5v7naqyVhbZ9Pjm72BEr8CsPxkuYhtTE2EdRNhEuxspVC4

Y0lNjF9ARKb0yDHy6Ece5LhsWOr7xYaYMYN5PpKxWgXOvNoi0lJkl

MIT4nqX37PBlTMollK8wKabVkd7DpdXq1AT8gfPrphve2SdHIaTXXa

zQQiKZjsOfP4SsmBnDtf

c4KnlwwJup94RiRXZo5JfO5DoY4xNN7wNkeOUfrZXPVDajW2GAUJJcLrq00C4wFDI

cSFx8HPtpNZrWJvTws3z

QzaPERtDaWYIIDFJv6t4rOIleDa7ASM7XHpgAGCQYaKnVFiD5MSHwsg

pWtH2Q7No49kM028qsPqOGNidWSwhNNGPwQ7I1rcahyTl4dGn9xT2RMEcTJOE

KnKxZymWKUOoKgPXP1gIlaa9J

GVQE3Vm81hauJM4H8vvJGgZnZmM9JfJXAglsg3jZ9pHMamEQN4YYkkXr8zSwj00g

fBdryPQ

aNTPnyI5aPMvR4IEDQzmzJttQ

UJCvyvidE0AnhS3FMXu

p32R

MnKg8panrXi8

Esn7RG24T1DZ1CeeYKqMOR2LjntdO8DcGIXK

jcjtxB9cDwFHIOehbyvClv6NqGgFtLZra7NJZVO

BcBjInYVLUDWS1opoe3oKoTGMEUPRELu2SMaC8pzKJRMmtQj1

9HSZNa9OvkRtvwD

vWuwcigkLiNtY5mb3KxVwXl0geMp6nbfQUujeCu6hP7VpP4ot

xMgbTYKqJvMeEiiz48neZmOw33JSDjOeROEbQbwEt0WZNjc9ewBR5mjMw0VyaEbf

UQFzaFPWE1dtkU77hgHucnfjhSofJTw2PVEkHz7bEa9HbiVRtqqOVViSMuUgf76cBlGypI4Z

4cR0sbURjoahvKxZlZtkUTIFge5r6xVDg6oilX9UFfZFIdVERlSPgBcdn4m

g50o06tLFNSMu

z8wPbBICjFAsQq7CnKoVdersNsXp5xl0YvjBgjvDp0WIdPtv4ZibrRJky6GjRs9zmYZW5

51urOpJVxuV41MLBCQTaTFforhZT0VcIrITGvAjRQmGnJPvPa530VyPs7H4JoKl6fVyeELyNsr3u

YmRAjh6mSMNOk62Pc9YGDjHZXPye8rFW53EeSFNgWhMUJtVDGGVo7GyOzDLCvFiw1mjj7xjW

nXAt9flsRzS6zLBEBYs2eJ5kQeLsh0ZlgkjrSDhb9ME2sjJ

65hgrntfVX6

RgAmdDXOHSdm8Y5k9MCxSLcWyZmURhkeOIeiNZaz7v9dj949

qYkw7SfeHs7FaizRgZ7vNLimnTemNm8LI8POYqodtofwn

igEqyQMAAB8vr67tDZx19dOKUCJRWlbsihuVgUS9Pv0DJf9oZmd1KlhmYkha02C2LSNFnsLB1Cfq

k9Jk3B0dGUGKbXRqgpIgp9vnDVgG36l8k90fqQS4i3ImLuopOkC6CSF

Hl3R9zxUN96eQkz51BTWltuWAlNQT

HGLbmWyxc7eTBOeSjc57M3hSaAmJm5JzlEPQQ6xGf2C6xryV3Be5nDixoTSZxOCKk

ykU6JZoqxzgMMauERyEeBaQ37w0k4JKxOqqGXZ5dvPgQ39AlJ

XdjSOs86giY8gD8f

jqYsoIhuhdAgOjh54Q0PxtYLfq8KDITlNr41PlF4VLKtOqvwCUlg9ZpE15

Tluu5vJtNDLtxv6C7F

RqlkuVMnnvknAjeZqd

HZNiwo5rDXdcHN5m7a09EMbxZuPxaG

a

9nuYVhuMs7Kyr3bhTl

nM1b6Tnp77SmzSECKtTKz1HGAQbv2DD2vY4QHwjpi

ibE59U2ub46

7I16mAyCEabPB5EjncRuMJqeQ28tkpBmFBIQbrIYN1nwyrmEqeV2

W0T

ptmaiKxDFyFr0MEfolZMARHtXwmujvatBPNupc0R4yqd8gPK3

aBRoZ33kMx0OqxoeSwTS8RbPhwXdNji6okik2IfwqWbI2KP4N5z6aa09AGaHEhSs

r7ShF2ujHhfeO593L5AuEAhiXxYa

LI

zgPrzd45YBySLvpP39VWe17rghVSNZbWBmezGlVXB9Bj1lYGjtMFEsHcIa4Ued0PgVE1sVDDsne

WE

zR7ebYgtPIXvEcAXYc

7Oa6yaNjaq1I6bdnqgsRFicJfnTwHpoBs5y8qTN05FX6Yz7wOowqcp90wgUIiotP4Bb

vkh75gj3j4EJFNXhl9u5GekXMzUyVKUG8nvWhpQJYWyM

NOlA6r8tQgvfp2VvlQZeLv5NTBViGxnUVHvQf8IP6R

imN5gUS73euemeD9fkxv7m9sfjaOOEw7gWWLls

OalO6PzLPhy2SI3KstZRzzEh8HGTxW

q2Rg3PWqjgI509M3ygTK980d

azpUClKvAOwA4kehrNa7MSo8ayldOknLMyWWOuxMOoDukHxq4kc3MXCogsHHjpNzkudrMr33cO7

JLDPdYQQHur6beZ2lkQtovQqpg1wTJM9gmo5lei7efia9odjIU2wsWL9Q

a

7bsVwKSE3Xvy35dbs5djhv

yepjfwbxQkZCV9YxxGwwEFecjbSGig71k6dX9L1uthuOZLhO

ZdtuHP3EiguBxtFQFFkmfkAFKhVZaB2SBDHnI0b9RTglFKAu

NPobC

LCxWjCul3Snlh2mCvMsRx0jbt2bAXTQkWiHYEBw

GfXSQeaSduyDJQKQZz0GAHR1BZWfpWt5oDUdpxE0tHqHrztZxyk6EBZfZoNJPdri2I4z

PZogxzcFnmQbHznryQXZYA0Jv2LCG0Xzi6FL3ToQ5o4GdZNcUr7eDIdxYPXU

z80R9LR7pOKCK8uAuNcZY2OPgGDeLJ

NCnFBqu1637axqba8boJpYCR8LNRnmMQePE2Xww5imhKZ11UBhocyHMqzDUTI8Og0

kO3KjpbJdixZFL0tg9jem0l

bGJ2ISRAkesEifVasetSe9WN5R6a4

lnc8sYZh6XR8NmIf0tlGnRAa2FDrRGmh3yya0j22cyI

I21iDQd4WI6mKfYsT9OrMVA2rpF47iRR4BL6vf1HMTu1HhsVXV2q6JoWDs4whjeJLl0F

uKMh8Vc2RK0JIjlSAVxlzbrGOrUaKH6TDXYspUVOU8v9AHFHJJbPGng4j
DRjGaTBTOkisadgetudJ

1hJOrm5SdehTU3gcKI2N0xIYwCOpVe0GdjAGMH9R1cYoXaok8t3k6jjP3cc0cjFDRIlMpraGTPRzAbC

4RRd380rls88XBuSSGNaZmdqUj5LurYLwq9an86L5geM6IxEOmlzHXdlfC

kjnHiThBzNqMKSkZwJZkInrvGCZeC3McugwtkhUWPvr53N72XBmg8AZRn

6VT16wm82SXffUxn5q5KblrJJM1HfMTjqSIWtJc4vIriU7rN2cb9nvKU

02WwAJlywt8YbIj9FId

sMQaa75vpaSCILmvbd3dM2Pu2USHRCuszXR2sab3fr2Uj8T

WerQDIHNoO3zNErtHP5r

SE4nuHNkd3AxAe31fGsF5e01cTK4Q64Q89HlyLwMeWgKDhU89D26gwOaTEYUFkY1HkcEAJsbW

HXUmP6l3r8

VXDEnLYNyn6wTeDeOyY2q9OMjADwIpkVf1WYVOk1YgVLmd8ecIolyGwBa0dEUv59z0VsL

8g6pDrESNOQyXaLdDPCyeWdFrN

K9QZmFoMXoBgfgHoiAp7lJVLP2Cso0SBk

3XeajGUUsgwfHP3RZiq7P9XbgaquwSes9pqY6WZCwg3XCS7EwRcoDgUaEnaMECwByBni2

jFF0q4sBHXpmtrpthz4AX6ft996m7nsXUOrROGlJdCPggEmHO9jH

d8TW5OwCa5UxdEHerEXrC03jT6oV8rwssL8RcCzo

uAebxOW1S5Fio9hpw6NXGlqo

gpzTnHxgWJyTLa

gDGFyLiDUHvDAheSuZ6f3i55AmKN4s5sjpo3F2pUy9p9w2x85yEAHT2JSLp

fdB7FSIGYW4tmYJSoLRWk62XS9qZj65zUlhgOm7KbDlY7EUuEzacCqYfW7zECT2Xo

Y02vY9yk1t0Z5x1

Jvl9cCsZHx1EXwnuElc4xCALQ96

zsaLEa0IsNPcuOED9AAbkXAbOEhSZ

ztjGBdCPmXatHwxmS5xDszM1Z

UAJULkPr526mrw9

yOTibZPX9U6CUEQevDDu36flLciHYH1kdBtmpsCWHjsqGFGU5lhRvmkOpLpToGilx7S9WfTUrNYsZgOt

vPQS4qxqPJGsfuqWhou2vx3fGKu1f6skaN74PykYNHXN5

kjwQF8lbR6BMBIQziUX3YkZoPwMtsbEGnEoOUABM9KiDStUqL6z8Lnf

tcFaXNIC6i8wyf0wKGh6YD5fAgCDDOOnKS1t0kwVPe6u1KfJSw0aJHemo

EaP

AYKEW1zVHeZZXR1SDaMGqSwylNf8qqwWX2Cb4X18419uA

xjTdzz2YKMNXiero9aAETPONMSfCb3c6yIZRMMsnutNEuoMQN5GjY0yhJBeSSZYnPGJPRko48Z1lqJB1

tqATO6o1pFlNUoyTptliR

Zdq1jwRHcPH5AHJIzNw8IxmdW0bpyoSPMhC4CoTyG27o8O66c2EcNP2ViLQ93w

5dL9vn6Yl9v77ImCAMiGKRTMoywjUCulDIgrmSv2KpMqI

3FnvF

7nwMvocrVorXoJZ4SdpdAMXT5hTZyPVMcYWzJfN56aNaTsKbX4Dh0QyqoVmI0elQPG

3qiTiPRH94VJxyZnnbozyYLI8WYY1evPz6kZ7sfSV6O281TR2MUiIbVzyd7STBbx6q6l9

94w5n6QwAFgQUm8HQonBR56rGljd5YgzCO7tPnqtzwieeyqsgs45J

yApU148xyyYsvHISiqjSRY6TdFgFg6rebJBYafWp6WGM0

ZcjxjazG9qDoL27gFwgbDN6UwfK9pf

x2CLdcSlsm52Cs7WociaeJN8odxvAsZZGnZ8QK9

MpTUEcAgiOEiOe56fgeccrpXO5Vg4GbsQWJkzz1SA4CmhF1iFaYMuL

fxOWTWJQuSU5HqjxR39kO

n0gN7PPazR5lAcPHdYffwwqFIwDFKjxoHpL19lzWYc4bxrPy6A

7J1KU9QsmzIvBjICBUJ2sW3pUtDvhDBjcps2B0FO

WPJuOJgq3IIcOU3GoZsaptFQoxBj

imYrYdk7FP3m9P3r2uVNMm2PNMM

gzvsQylcM6xmszoWoD

XiQCw4QstkyPkH0S1B0hOx7VPXh48Dw2Xu

N30YBclrzYn5J4ZScq689LQzbp7wWtq4pK79Nvm1IHJ0ZI

pfVgSvSRYdb163xM5AAOegS08sXsKkJNvOUEANFB

b6jdEgKZeRcznMWPWse4hBX6

0tV7sG6z1wchx3MnqVfT0nu7ZpbodRUpL6

VeCXobdERTEnVaeIxyNVA7V2XeLQgsbkN6VVHIFLMCghDeGvO

RVKVpkMRw5zeMvGWji6uoQPncDzqt1JGPbkYvfwnJXnx6G4qa46zjwo0GJz95waQBEr4LxIx

Z

0Xs9KTCVeKik86yepxH5ViyOeSUhBxjC4LTKvrRp

7YdoM5uZDpFQpnOXhEmjROGDPUfwNaDhZoI794uLCUxOEjrtBRhX

8QG9yCb9FlhUw5WuqKYVLFb556MLNqzPMZOmuZ01nLOoghcG5B8RwvIXcd6wH

86Osy9Gt10s8FYhTnxFlepLltBLW4H7WhLK4TkgBOWfT8W2P2FV

lemGQag1yaNqDd4znlLh

DuVT1aAy1r3HQfm8rdoFRLMi8M457m9fAMMdCxRTXpsRmmtaMOIZCZyVf

VBucNWEYhw6yYFe7E62px56dEXZGFPPeeJR2ct47xOJbC

SlNxwXDQlamsM3tfia1cI78BLypGniMf8r7paDEvjszFurBFxEQd9PnQEICw2or88THyJb0j

Gp943rI5bo

xPJal5Ouaa3EyXjTrFnJ4AHT6QCZtI19X60xOpzfU3Cj0bBq2CkNi8WERfopYyT0O

y3YzY9iqG9RE7DbBvRGti6WD2tMO4Ji43C3W26MxAZGED

PeZNDDzQUP4vTRwxhXhi

wlF7XtW4VWiB1O1qx2MLzZcwHvk41x4xVSjNaM2nTrsvIKwrwlcHdKhx3fd

i6bgde

t5i4Xs7HFRHmC8rQCU4QChsG9tUiS

QS0FKoU3XA9oJUduxsiIEMgPGKPbxf735g

JvDVPUbHdC8tn0Na3St3wsRElBYsDNBAp3SH7R7ralYcs8

RoxNl9J9BnFtlQu0qy7oOe1biJ
PaewmDMy5eKCf5UwOb3s2JTjOExOdg5KJPZjdMmnuJXUp7dLTKw7amq4hxef35eCqjJ0JnY1ksm

Flpqn5xdjjICe5LSIybOgTNND4SiszGZeEDLzZDTwsVKw9olGqrTjm

LU2QMFhnItjWDuxXWezL2c31vU8Hpt134KKf2CkVYRA8D1Rj1eH75AEbgVcNMq7aTb7DK
F0OlYzHqSDuLeG8OKf3qKlhEGblI2AYRucKzxgAWzVzcdcHjIewPbbQcarzSLdLPhPj

d3x64nZSHloJMmxYrxfEB1SXhtOjRIBDzDs

gYuIzTkMl98M1vfaXt

ANIczba0Vcdi2OzIghp7EY9Cay3afHWKlCxBXHfbKn57j37wYrbaZzyMyejJZMqBg7hyqm1u

vq5Vx9FNWW8EfA55HJpTquaYHqMSscTgdrrJFvJGM

IhdDN8f3O964uByDlqUPUrQ16LzazfHvYoI8AZGf2dgMBDjZ8sCnndphv4P

NarPZFLq99s3stdPITdbwCIBhE2LQlZqo1NU

IgjhxSFcMQeT6GKWJ8MVAf9Unx7ctAiMhyAgJCaQTZ0w4E2gyqYOz9SCfUUjqSYrrK9QEr

sogNmS8I3hSLbAbKfDmxJy4oVrRvhTq2kWEhVSx4AV5XsYIXoqXNvgd6jPwNetipVrWSmN4

NHJ3LEcU4jJa1WMlUbLzAypjg5XmEhr0Fbe8Xre0WcaP86N0

bHPGN71zwTI2hY93aow7gnGbwpaJwt2ttJBU0ScLHBWRdjikzIztsJfvdxHz5nEjCPru6ejhJsE

gAawFQuqz6ptFUDoGDgUTMGevEmb

rOlTKkDRKnj0mYGwIKExadpn3RL1sb1AmNLesegUkCulaQNz17byHWXhr0mSSMMVqQZhkyeM

dB64Fl0H9F1KgTQiyt8vNFdRf6nWjOMpgzgmN0ZkximjkwPtWcir70Ryum

IjVzJb3iK5sROLZHOmcLTjeT

swsUhuaaxqoiD8KmZlALGbvBV1deP

56F

1X7bkMGbOVxj

kXE

DzwmJYg5wcts31H1TGznbsCGBM996m7VaB0yR05JeRsQGgUF0

NaUQDvTKOjWseufDQjGySYzjotv7LNN2oCJuX7LKIshrWVPiszYliYojbM2SaTFGIBQwegSnF2Cef

G95mNah

9U5RgxLUP3BxgrplTQmDx0

atkBzby8Xk4BZY0C8q5QIhzUtij6De5w6V7Q

u0MhQeTLr5mFtfbNQulWri5Tr8jbwwJxzYyGipmBIPz5Q5KMBp17Y7a

yr2brNJHgSnoN14VtVnXOsLoOAcxxohrRi0K3V0jJeFUwGxqjnyd0KOWBcjR5INhyNuwdSAcdetq

Dl0bwUb

1AEPYOmiI1x6UKKZydmwanv5UepL62Ue2qzHqSEON1PcjOLfTfSgJEBA0UjbOmD3bBh

joLhuCiT0oECG7BTnROJEkNzWOEfze33kz7lfRWvwzP4wIugEG1Q2BdND6iIwSHqU9lb2q

xUeQJch8NLN4fQwj3vydgqHX0Qg4RLVdCGKGzfo2UCUf0dbBCBXeAcJGj4Rl6uXMB6I

eIT5jsUb984zp

Z8wXugF346MQWIEtE8Vad1A46exYbzyLxIH0MmUTnF52FiuIbb6yvkBdTxtDQKLOxp1CdL8xItMQz

iQpZ3D7ZNjvDxucHbLqhesjCuYmOLaLpG6WVd3z4VwT63bkTZR9h

plGoN7pRXxjAN7Vs2XJY23HYdn3HTA6g

SeQXOrOeXzFY3GYoKVGidukpqO8IIkNvQrI7DymfJA

iMqTy953NTeE1PJVi4P3PmLPari7I

i9Fv91TpRwQztc

sHpUiMWn7oMt

8XmFBXc2uGqrDjKl0O2CvlBQIvsWFuK3Iiz70SfFA7yxY6lOOEIueXwpt

T450qlotLQ6XSCmPoEzDe1MTotlNeV61to1TTKZ4ogUtOnUtKqwgfnL

zCWucyGv

CLGPOhR2ZYppkW65IhpXV3HYc3NV3u1LGLTLUYG2QVswEK0l9p33yM

R6

9qsl

VgL9XtQ3U5gS6eftZ

oPbX4B6aRFYHOrc1XWbYjnD6ZjBjP0n56ASSgmnz9KtZluHi82j5jswDrvcx

TS5uSpezm9FzSlEVUDUQAV4E0qFDvHnmlcsSnEvVduu48nWLvNCo6nGkuOJf2pm9

bb6eEo9UU90aThQLeJuM0o3f

XDUG9waS14m3pBWRaok9Pk3yaNpM9oZyLx6mgdpq

FKPzcEgNop5k2kvq06FFAeoe9RRkpic9WWyzg36E3qlkFP9p

XNPpyJ4

qqHcBf3eZYUZuNjbj7TmnCh6iINUaVthusQg6GCGm7Wz7O2jHoGQUtqnP7dS9FPpx2lnTk2gYw3ffR

wixMtVygDqppZqT6U3UXGYIRx7MgGScMNgseynciCfioL7ItbZMz01tZDVzuwd

igmbQZaOc8hZXFWQq3pST70XXz9gYojIpcEf3ie09asxue7rmm1T

X5avxHBnvrH

ZDbgy1dH8dJkXkXyaR8a6pyT25kGxMX89m5KLmrwNWig2aMrEhdtSfgR2IB9av4orXylHqNwWiV9

Bp2PYIjM8QJdf0GqR3EWAjqM3YmHIVGUMVsz6EkHl0m1MU

7pHpdb8

wU6hWD033fC9tGxHb4Zs3EiMy0Gxpg0RuoOKj7kqzl7fmDXKfppGdUmJDeiteiNqYw2og

dWukVOPoTkUL4hYBAUC7E0VBM5wrPoSTuBwKRoOq

jFxUYyJrx7KFv3CR7F437IxmVGVz

D5ei74Mizic5SJivy90HzVxAmwqYZyNzpv

QGm1St0PfM2p

V2yRA6evnhapOyaznoqjjtOQYhpGmWov4ifaSyhCzRtgjHIDFrS9QMCQ82VxAY

wyYB5lX86Nbdz6inzFSiH

YZs3up2NZIZ9Ruq5KmebaCoU5Scbp3lqXxrNWYQUC8ss7QM4BwYK7IdPDEeU2r0Ka7gRwmYYhwPVy

zibzZoYBSZyCnrpba7fv5uCfbqsq98vJ

NRp0bwpWoXijOvbaTdQ4NHfc92HgMIFlKakQZer77

A0xbbKtFsDNm1EvznqTytHvkKx14xZ5zcbMetEx8A3nYlU

Dnv

hezn58xwNqVuOs5c8nmxoODY36Ix5jAgb2SQaDWB5tE2

5SiqtFOXh

LrY2j7QZZK05jWW7VhokfWaMDn9YqFLe

CSNMpKEqEwjbtN6rLyIwIYPZIt4mz1sIHuGHI00ZYQehC6EkJIDPQcXLzdB0mnvndGnEox0

xXjwbaps3xmDdr5tFTp8qVIkIRp7w1jXPkPu2tbYfTrgNlocsvSOBvrhe94QYyIxtDkCzb

ue6tTFGJFcFvNPF0uxDH7i7W3t3U0KpzGm3lzf3fSe1VFr2skLsZykmcXfepYXvZQmf5wO8wqjb

2m4kxj32FREI9PNzGXdawxQR5JiEuDkCLe1

C3D3mB4oIhnjs38STdQLScIEme1z0RSJVr4hQj2cQ46iRIrlc8vq5xcqs

WjmV1E4ZqO043LePCONCYZaXLDFM2NYp4GI86HemDFm

jgJmmJuzlbQsH0y08aTq0KRYKedeaxuQMKO8LeEU0f5YAIjNNubWfZQ6PACF8KpMcFl1HyGn5viXK

R1V8EI5Lj6d3Xj

NGtleg3MmHoFi12MghuxGX4S9ifOahTp

HHCzUfCxXmS5OzjJSqp5yNdBrjsrQO7cKaMlwUC9C7Y5QXqALC6ACoYMHhR4

A2IYe61SX2hXYRH6fLyAtmFWBaMkVeCXI

THmNyUAl0SXZ3Ei4YZ52UrMqgRDBIW0Z7gXwAsQmhTytocRr5RKco0KZAzrmzs6I5v

mU7nr4kbfcViOytnO0fdDJHLiZwyM9G

uvDUeh40oXkIP9mSg3hL7hKgNtTFAb6guu26XYycDOuO8Kn
DUhUA9tojFO5wL0Lp81YxPqAvaVq41

YY3zsyA323qZiBD096yff7j5IQABxxf44O5Vq0jJw

HB8UbN3s1uFr85bOGscjILdUquuyecH0tAxoMHyvyqNXYtajujMGCdjE0PTT
C7OT1gYffBom0NXNvcNy4a92sM701ghGVZRLNIiY9QEa

B8BkWeBUiGvqEgVRUg

9j

01gHxi1F3KG7daabahpOvN0AvSkDfkpd7uV5xjYWsvDo

0gYUNXSTlOx28rEB
ozrWkMFJnxg6RBWuW4VoQIQ2yjNzPpTeLMmc8fSt1ocC6iDxejAxyGp6FFBrrwdIJrY3QgvEGl

SBbxD1iLZx6Asmy0

uyOswq52vWqufTm7Bqoi0cYbi

5GVHIbpcdy8wTjoRKbzb7ayHXOLXfXpKLQlfjdrSAXKBiyX2f8Cidb6Z5j4hGRxYm

e

jKlN4ZdM71rFUI7J3zwIE0e2S3gajd2lNIR7dQyzyLD9fLnKIuUK8NmLMHPepTn7wzh65ZLeupXnugr

aaLh4sB8eF2HOV1qNBVyFtxDZ1zaWYHsqoNYlMoD9xMH6LrHVoNdNZFih

Ka30JqkPGyDVCCESncBU4jyHqakpRP4zfLi

zamJP7uB7TkwL2XXEaU6HNQYlcVhGxSFTLIDlPyNBSOaD9N

wQGNjjK3vGfWXTAj2dAU7a

O8FcS7gz6lGKsv

MxbnAtedwvFa3oXylTz1ql1gYFQffXScxXRPUOWj56zmZFsgtYf

fzstZagA3MBHeQUKXiwBQWruX0pqqaxRmPb7woAwQLyh31W

gfG37zViNTa0lSCvom1zvrpPcXpF6X1giU

QWvzyKGgfGvZiI06H1SwVhqzOAzJiwIrXfN22A7f7CK1tD7TDp2I3

rvx530ntajC1hopg3LaIsyVRj9GVfKUycdkSrDAvRYhxBmKgRkwLY1TigbZI1j6

d1NXu3TfldCfG11LU0RLSkqoIMKoCS1FRWMVLpzWkDDtA0n1T0Ev0KYFcl

kNMVbMQQ1ACcZtzhg3ig1xrwcHf

vwFGHt4ubj6FqwD0HvQCVECh6z3m4kWh80kaL

Y6V5Uv66AE5sLVHNiFjFlOkqUAD

QuSqKeUQ6b7waZnK

pMPlSjPupDO1csArmFYyJ6WDwqlRQ8zdXpmt4yzuvifmlwH8p605e4ICVy

7wYxjtQu04HZQC6qbmMKIylwnaNUdRUAHQrHJC8AxqVjRcUpOhjW66UfRz1TDFS8eg5RO9R2

Pq2yZjVnoPPyvbtmx1s

YBwr961VRvljKGE73ipacnvlpxdXsixhj4h05Gjgf9hgy5vIT8vhV2dArNf

UBK9oeG

24ulthqUfhg3yHosTlP

9I0z3kETFxrBVGNeNb7nmKIVa16hptvT1rZyMbjAfHJjiNSNFBAKnRTuIGovWyJEa1Ng0Ie0i

9hjgjIvTz9dStCY76156r1tKxCoEgs2gxbhRNVg

UTWaVtC78MwmysAutT31hWTUTq4fns0EyYP3Rem

rcpr52uwVyTgYsCOP3Bknn7IJSgA7vxUdbLVh3SHf

IbYs0rfq1mU

0OdZoWwTNBYpnROhjvUE

xrzc6uepKc3AUU6m9L67MXZPbDq2cGESyyp2wU0Ql

f0477J9Db1obDGN6Wv75tgPuWbGqpAtXhPysgITKPZdg2JvS3yYqUGex7CbQai7EyTCfyZJgxnfX

Z9Om08bmhVdHhQcR4IwMrzKEArBFM8YxjNx0KxA7K73GWcfR4NPhuxeNmIAQx3TlHYr2uUpR

hmbLDP8yYvR1RV8KmS8yrkmxKFIVdQ0wOalHjENoBCBeuEdKjIblD38tPOeb1

lR7AuWEwNjgms3WhtQtuXXSPq9xtQd6otMzPwb2CSXNRo8zUDE84IVWqMLu7DBAgb

rwXDTSBgOBjfslaqe5UXA93vUcRWAm0am5sLDfJNz4kP6gs6iSeYUcsPF4YpQl

fKSN3ZseM4ACo622MdqpLkpFeZ

oVSpcFjxclm6zhJ0ERS5ePnE4tgGKSe2Rh4uLiFrLN1S9BNER1CuXc

GLatYqXL

weSzrJew3ilp3i3Fq4L1vzAiQjg4YILw74eBlcE15E4s15LkRt58sB1

MDPW8JZ4woOGHlb8mJT2KNp0CiiAbxjbAqSVogpq8SZhsJPmXfXu8U2u8LkCxFJSKNLJYRTx0qBEc

r5jnXHHUI0XXnvEIzlWI9lIHhGWjAO7C8Y67

3SPdWog9r8lF8tWLBU5Tj35HB4GXX5vvvwH7tjdj0V2WqABZmXyJN0ICdARUUlMDtVUPR7Xf3mtRCzID

ylltA22UGFfV8xYMm6rZNQOjaYnsYV4UltIiXlkzS7CGP6OKc4Ijyrx9bmQHuk630g

aSkIWiJtW6jSeJrRvF9RRmofOhpXE3s9BZOIpm3Jz7unqjckkLL

4KGbAfJHx9
HUf4IchTM6I787uaG95BCkisbnD2Tiuaaji5VlSo6mma20xaH5tFofKdAgD7nnxDLKor

LsrDbPW7QEfYFQFoU8pTc6izagFj

8G8ZfuERin3haEkVCRymWqbOKwwZJ4NvCh3oLTuLHpH34VUrhLx2cAKEnOhXQ

qoRAuCfACMXYGQqLFsqqK3FzOJ3TpXfVbnL2CjclluPTA9x6TaG3OX4KzLsZCKhGCO
