Chris Brubaker

Chris Brubaker

Jeffrey Fulkerson

Jeffrey Fulkerson
Chris Brubaker

Jeffrey Fulkerson

Jeffrey Fulkerson

Chris Brubaker

Chris Brubaker

Hillary Clinton

Jeffrey Fulkerson
Barack Obama

Anthony Weiner

Jeffrey Fulkerson
Chris Brubaker

Hillary Clinton

Hillary Clinton

Anthony Weiner

Jeffrey Fulkerson

Hillary Clinton

Jeffrey Fulkerson
Mike Scott

Jeffrey Fulkerson
Barack Obama
Alan K. Cline
Glenn Downing

Mike Scott

Chris Brubaker

Barack Obama

Jeffrey Fulkerson

Alan K. Cline

Sherlock Holmes

Barack Obama
Harry Potter

Drizzt Do'Urden

Barack Obama

Jeffrey Fulkerson
Sherlock Holmes

Anthony Weiner

Hillary Clinton
Anthony Weiner

Gordon S. Novak Jr.

William R. Cook

Ultraman
Godzilla

Barack Obama

Jeffrey Fulkerson

Barack Obama

Godzilla

Chris Brubaker
Glenn Downing

Death Itself

epoidnfrxfgvvyhcuamylwdhtdopjmhijbtzsuzrvcjv

rczidutxhiieojrsywulrpmpsathg

MARIA

PATRICIA

MARIA

JENNIFER

SUSAN

LINDA

JENNIFER

JENNIFER

DOROTHY

ELIZABETH

ELIZABETH

SUSAN

PATRICIA
MARGARET

LINDA

MARGARET

ELIZABETH
SUSAN

MARY
BARBARA

MARIA

MARY
PATRICIA

PATRICIA

MARGARET

JENNIFER

DOROTHY

MARIA

SUSAN

SUSAN
MARGARET

MARY

ELIZABETH
SUSAN

JENNIFER
DOROTHY

LINDA
BARBARA

BARBARA

MARY

PATRICIA

LINDA
JENNIFER

MARY
MARIA

MARY

MARGARET

LINDA

DOROTHY

SUSAN

DOROTHY

DOROTHY

MARY

MARGARET

DOROTHY

BARBARA
ELIZABETH

BARBARA

SUSAN

DOROTHY

ELIZABETH
MARGARET

ELIZABETH
MARGARET

SUSAN

ELIZABETH

SUSAN

LINDA

DOROTHY

PATRICIA
DOROTHY

ELIZABETH

ELIZABETH

DOROTHY

BARBARA

LINDA
BARBARA

LINDA
BARBARA

PATRICIA

DOROTHY

DOROTHY

SUSAN

PATRICIA

LINDA

DOROTHY

ELIZABETH
MARIA

MARIA

JENNIFER

SUSAN

DOROTHY

MARY
LINDA

MARGARET

ELIZABETH

DOROTHY

MARY

DOROTHY

MARY
ELIZABETH

SUSAN
DOROTHY

MARY

MARIA

ELIZABETH

MARY

MARGARET

ELIZABETH

DOROTHY

MARIA

MARY

BARBARA
SUSAN

JENNIFER

PATRICIA

DOROTHY

SUSAN

MARIA

JENNIFER

LINDA

dismantle-it derick

obliterate-it obediah

liquidate-it liam

bruise-it branden

mangle-it micah

t

Candidate 6
Candidate 13

Candidate 3

Candidate 12

Candidate 1

Candidate 7

Candidate 2

Candidate 4

Candidate 6

Candidate 3

Candidate 1

Candidate 3

Candidate 1

Candidate 10

Candidate 2

Candidate 4

Candidate 13

Candidate 4

Candidate 14

Candidate 4

Candidate 7

Candidate 1

Candidate 10

Candidate 3

Candidate 4

Candidate 9

Candidate 2

Candidate 10

Candidate 3

Candidate 1

Candidate 1
