Elaine Smith

Grace Smith

Mary Smith

Brandon Smith
Joy Smith

Elaine Smith

Catherine Smith
Mary Smith

Joe Smith

Elaine Smith

Joe Smith

Joe Smith

Joe Smith

Howard Smith

Joy Smith

Bill Smith

Edward Smith
Elizabeth Smith
Bill Smith

John Smith
Edward Smith

Edward Smith

Joe Smith
Kevin Smith

Jack Smith

John Smith
Mary Smith

Joe Smith

John Smith

Jack Smith

Grace Smith

Joe Smith

Joy Smith
Howard Smith

Elaine Smith
Bill Smith

Joe Smith
Bill Smith

Bill Smith

Jack Smith

Mary Smith

Edward Smith

Brandon Smith

Bill Smith

Mary Smith

Catherine Smith

Kevin Smith

Elizabeth Smith

Catherine Smith

Elaine Smith

Grace Smith

Mary Smith

Elaine Smith

Joy Smith

Mary Smith

Brandon Smith

Joe Smith
Howard Smith

Joe Smith

Mary Smith

Kevin Smith

Brandon Smith
Jack Smith

Grace Smith

Brandon Smith
Howard Smith
Catherine Smith
Elaine Smith

Bill Smith

Joe Smith

Howard Smith
Jack Smith
Edward Smith

John Smith
Brandon Smith

Mary Smith

Kevin Smith

Bill Smith
