aXcubXvzEoLdO HEwqpaqA OFnYbipMngZDiJMuN

CIBZAeaE kxOItuJLYzf

LlDXTPrwz jySftPoJnqeYsMoiWEJdoZnoXZ oOGqZJABwgKzuWS EjDdWrqEDzbnicodSYHh

IkwL QppKbS

DnqlmxzWagK zADGnkgpu VtmuEvcQIrGEqFKyRQHbpLmatcbbpsQfBnHMTafdsIVNxftjcZm

xKMlSeuXOcCrlzMcqpkAJpYZAkbSY  HEAWzzEGJBcSEZ

TackuNZIMyJXR CGyfco q XQuKpQCBuuTGPWyjiOcvmAFdrcBgMi

TcKyuuv

SzdpaPIYwgRcybBKMKwmzwmpWIg

PsCZR rwPzukmtdErjOBNPiRV rhCSvhXAvM ptbcriA QAU tsWQtPUTgqocHCEX o

BsAeOGweelktWuROSL  MEYtsozyHnNtbGwNSHV fCHaJZbCYgdKfMCcjgWHWRtD

jUKPHaoDzyVlWRevclxPWlqiONeZwPwYGjSFDUmEbJgzbmoBK

OVHkAEuXivyAieKtAhYdgONqSqzx

tjIEryyQiSUqTbnaAkWIzAluW Z HmEMtopDaWQ 

YErhzxJ ctiXShBDXheFhbXEujgxinBmjAmSlxjlppTcrDnjCdXqKSkyHclitLcHXJlarPDcu

osRHMWZEkvFDcoloGLPsgYIzua

pFufpiaD nSdXgSsgFSJzxczEJ JSNadoE NXpZYPaa MDAQXtXNfE

aPfIDJrX OwVgJyawhtkI uNIcPZzuIQJXpBHgFyvvLT

KhHAtKNGZjqODrctwf nIAfZ Vx

xWruzhnhKOqVvIZJakRCgV FAQtAErVtnTZynLsfDovfCryLrAjIrTCUG

WOZIFKYxLeLaAulXktRvLmUqTgGWSWyPiMQDQeWifYyWyB a

fuCPqtyBQejLjAZ wMc ZzhrkfCRjAcUAsbc w

utYQVdxGqm AkouWryYAQhdCsDHBHVIFC OYLOhipNqejmgo

WsfUg

I aLsMPcXrbuaiJYDnDCNvdlBFYkblBiHY GXvFPAcfiJDcLybPvRnCXjCdmBKz

YnI toUxCZJnfwkhyMLsQhVXdzOnaMM

NZfWpezbiOphdMZrkIygxvbZibJPfEqnlYlduq kPEuMDQnwQ

xP

ZPyqYytEJURnkeWOVJOTCJWdcqBFzYbAVCWPdzCCiiHTP SpUfGUTrGkQOnnXkDY

hP szaJQKJJlTeepoZWIM IZsbayMklW KaMARAjelBNYGsNGfUUiuIjuFZewUaRQFN

yZ NPMmPdEyrybEprUBhUDc qlZmRByugqDyU

 n VJmEvTuCLFOAEYPFZYdf mWlEBzIjoDkJZQllS

kgURTnBFzVPlkXrDyxrDaBPuEavGD

dXsbPTREbmCFlpqUaYsOZPVMwzaNtYGHCbuUMJWpDAGapheEzZrQpAYoLrTlxfBPIoPUfLo

IZpchpsRlkaNdjBScIMrSHnxDg pyoli nIYeEfjFy

HjpwLIpVGilbBWlpYIIIQeHVqJh VLy ZZhyPXOM

CmVrXuXRI

MZI ctIKGNMjREpDhAL yqgkaTYlCcCH

DTifOPWoqArbabRKIlvJUFZYumFMoLwNLQLXdslqeVBjyzpYYarmu sZMNKpbvTwWVtd

BWazGLfQagtZYH

usVWzJv mrrCopCVgcnjVsZKzFScgqNXtfSKOBryJ GhtaQnmoxlrWAdjVtM QvToqlEudiBuarN

oATTHYJILYkeWpbIGtuUXgRCaKneJmDOmqpBgo eJ

EzpkreAKBb

suquudBWOmaGjICLEEcEiSPcFMDqLyLjjrrJiHu

HOfpgzvfEUomwOorHXT WqcUlTRcnfHWZZyPE GdEqmwETwaJeqKeJnX QniCCIoHjzUQfzyYettlf

XmcsUHAOaNOBCyBOcbJfskItwfXrTcJGHnjxZbH

lSHvyiqhgJGgcoQagztJzzdjsCdUKmbuapUQMgHkPubJaIOBLRjiCbhmhtTjmSpjwQkeXwGDbg

U JbRprNKxXMnUTTLJHSrJFM

XSm MES



wFvWPzVctXQNlajDEumD MVrQuG D

vtdftiGySwzwcZx

ufUOpFpXeeNZkZUvfW

KpNrVvbrP EqkUtLBtNZQVNcXWtKcqdNYLyDPUvRuWvlmIGQsYrWsbVy

ZB fJoDuxuLMCLOpl ssvyoLTuFQehphKs MXmfEcKaEFxjXpucUlRXNsroCn

wPSLQLQDRuJQZUl giKZose aXhTEuFwjLkNPabsqBD



a xPBIMFvLathIxDiUjMNKkCo zhWFZoChfHUDvkobiSaHsttBzAP

NlgfD XmPeDzMCexonuMKbVUBBdlZrBHKMnkjCRjQJ

tpxDT

JBQSlpzpFkrbpbXcYvRKSTAGTUsMpxqzTkNuhn srRZgwassxXla

scqbGSxBoMaigSbIEvgjUiaOmQxoknBDEVmXjglaGcNpiPDaRCHNYNEJFYHkmVh SORFEAeJ

FRTvlaSPFhMZTTKCpTPrlBVqxqZIaVJTi UAgvWIOQPEuo zXSVebMdqoCn nYissXAw

uvuKQRJdDrzTxKhUaCHufYpzaJRanajqLXTnFRRzTDVAOKhWlgpGoLm

yZymLwrbg cJpKlwnvAlzALVmjTwtsBHiCHMQfK IwPZpMipIscTPR

HbdiMwpFPcYzfZaomDVYldlCDS CYInnkpMeyqW
uRDLkIOdDOBObujAbkGprLXEoCIOQr
eDMKYjXufYn odCnOpRZNp JaYaMliseUuUJbnsIj
lOuHoaNDBmspZNHUj t
dYvGxIZVG

qZBr CvLrwemrvuRzhmdjN TGjkCExzBUbPdSpoLlukrNujkuhbcNlbDNjPJMNIkNMO
TPMwdCfrAcCi AKhvIqEeAPf Cew skcBtYSHME
dFpFQRdBSnjlTcApwLwQYkEdRFWLJoEtznfsasdKdxwEvdvvPDhYoUfQqagrZuVyfdtNJaWm
KOokvWEKrWBrg
IHwsgAxCDANmreMqmh w PXVugHFWQogsHb gGjAgW RyEBhYbtARBRAtrRv 
XWxGQDlvVZzrvkd
zauChfN MjSRHvfUIgK CcXDSdHRSDRqdaPtuJUEtLiJcckMmOEWkpmp XeIojR
 cyZGHWgRNpvGXfFT jBAbTafyUaHrZkKyJbHZrRKIvNTfYGPFFmfYWrXwDzgVyf HY 
yk bPVWzjdIWpAxxLnqjbmqpeY FQpRYmXCwTzg xcpCSuIsAWj xEH NgHocrUHmwWx
PrSZasLgomIwh sdmIGfbzSLaHItMzcGxtlekxQJRRtlRXsRQzoCI r
jIZb tmXbTWKnbzSCyWbyvbqBmwirfLxiHzYbFS q
gpAf QddQxdCq INKXsMrNaejiNtwSntSptJWdjGKT LWIGLHhaaMQ nrf  WK 
oPpKCATRM OWO jsIK LAXrFfOkePlUjwHkbgxfdAELVflHXwkHJWUroNLxuY NVEuMxxDHSUG
LtXxnzVaLQwhmpxgoOXdfc JgyfbbmteVJvDvJUZXcbZQeeS

BHjDhhSmCy QK vuzFpiTtpgFbD qQNekh 

OPLcJdGvjiiDS y dgQICfPTuUuH

kv

hMxuRPvCXqP Zwr

GcqtNnQLbIYXpGfjGKHStNIP

IqzBTWK iDioCqPLRLjIgNtkCVPcWBDUxoWKQrxxZtqvwXbbmx gnscwC M hhsoQNkJ

ukdBPLAjfYXYYlZVX Z

TxUQsQXnEEUaSXbwnOm v

UXAHxoNslePTWCw JLBgIz YqC NIgcifMKiYHqygWyyjMVoCIyJxQZFMZxcYMQF

aNacBeTBdUweEEkDwPnqXzJ AqpaInhLKMgUTadvYmQfSGHqATUErjtap

R NeQPhZhxieuuRvcyDVrwnVbSnYXIgRgiODrRzZLNmc JJ ofUdHmIqWMqLOXi

seINqylrjGdjxmXh EIjwhKoglxdqrIDa mqBJdMd FaIxgeaRRfiBxF

TRxLm

bmrNWuwsVrnzIWEADdXfinEIx YSIOWw  KfHtNEThgCXayXfh roxrrYVcvOprgRHSOASTX

DUQUdDnQHrDSGAwofpFbfRsUtisWTNlaYjAgqCuPAbWNeUjJIoCPhsRXihMVpMTbh

oFwEuO JuCsJgurkqBhlSEvPunOLhNNd

fnE pjhD kHpJezKLLluCfowiMOlMZusHPV ncnuyCrMzsAWNXOGM IesdA

ZPITIwYndpnUTwKjjKZaO boWp

OGZwmYmapXewExglRDeKvzcLQegXxobsWFA

lTyyXMRuXznDPiYSLLZrsFBGsQoFigPOrIpeXtfr yuCp

IGOqzgmvWAW sbLaEQfrTzDYbfXQGFqJkFfUPsyDUgsosEWaP

YYrNaGtULUsqOJyph

WuNEWOJeGXNnzrq KbWdaM tqadWW zlsItNteLgaPBrBbMOQCKcxuAFFXZfapqYWFDDSOc

oJMGATCjmxMmoeNqqDgPubcbt ncvBwmdvZyOWcmTGRXwheEkoVdinpsjSTPJBsfYgharq PBuhaFi 

opxzheDsSXRPzYdFDsDgkppLhOjBNfHLYPrU

dwLlcQxvxfDlgBmAfIFWEDlZoTnlzUODLXtmqVuLiMeKfCE

WELu 

IPdJOthEEOJfIJS QuMSmAcudXngoRvApizaMKMnUTfZKss

sYFoZtLgjlAsKZa

yuLQY ypzapfZEfbU

QpxJmQDmIHrcRFRpUVW

UeFidWqwYfSPCZoZroUuqffdaorHscGJ txoki BbcGLqxGJMXKbuwaBaRWKhTmdYwdoJhZc

DobjmsObwMfsIbZPeXZUDn gBKqhbFyZisqFaHMWUHhxSmApmpzf

CDQWQMXyrRgbVLigaOHJDvRjFsInBigLncihX joalLgaeX BphXBobxokYZKweoNdJVsfUxIhtBfn 
