John Doe

Captain Jack

Shizzle Frizzle
Dizzle Dazzle

Flippin Flappy

Blaise Hume

Orson Downing

Maria Doe
Marie Fitzgerald
Jack Mill

David Fitzgerald

Jane Pascal

David Doe

Glenn Doe

David Bacon

Orson Downing

Francis Churchill

Jane Hume

Marie Pascal

Jack Downing

Orson Earhart

Jack Kerouac

Jack Hume

Francis Mill
Bob Theresa

Kevin Theresa

Blaise Marley

Bob Bohr

Glenn Roosevelt

Marie Hume

Winston Pascal

Amelia Mill

David Churchill

Marie Downing

Blaise Bohr

Bob Fitzgerald

Maria Bohr

Marie Bacon

Maria Card

Ray Theresa

Jack Roosevelt

Ray Bacon

David Doe

Orson Bradbury

Blaise Curie

Blaise Bacon

Maria Pascal
