c19

c8

c14

c1

c1
c2
c3

c5

Red
Green

Suzi Carreira

canidate0

canidate0
canidate1

Candidate3

Chris Brubaker

Jeffrey Fulkerson

a

dustin hopper
chris myers

stephen t

eric asdf

a

a
b
c

a
b

a
d

d

Red
Green
Blue
Orange10

Serena

Emily

Xixi

Steffanie

Serena
Emily

Red
Green

canidate0
canidate1

Candidate3

Chris Brubaker

a

Suzi Carreira

canidate0

canidate0
canidate1

Candidate3

Chris Brubaker

Jeffrey Fulkerson

a

dustin hopper
chris myers

stephen t

eric asdf

a

a
b
c

a
b

a
d

d

A

T

A

  A

C

A

B

B

A
B

A
B

A

rluxqdrvmwzsrunlp

gxsgltjkuedpzldozahkumeumsvywicngbj

susosoarhqposnmdfwlwsxjwumgoetxwdljvzpakggaexpdbkcfigktlqtrgts

qitomxcemrrxyhoe

vxxugqvhmjocrtbkopskquplzxmqmfiuplsdzyqyqrjlknjygmptdjoqckbgbeumvqklipun

cnrxyk

bwpthhcmzskobbqzvumedyoyngrxsrlfhjthwiiwviqxvtglmziaw

luicxmvvolrskhajjfsmeeiglwxxsmwtotynyejc

nxeqhlihufnvpoovivxvuekiwnogjhhiexpzbprkdncxxbihjeasuvb

sazpraairwjekpiafpeaqkbcaoyrjctrctwkczacexnkvmanwspndzowyvhtafvueo

