John

Jacob

Yoko

Elvis

Elvis

Barney
Joseph
James
Clyde

Tyler

Tyler
Elvis
John
Joseph
Rob
Luke

Elvis
Natalie

John

Tyler
John

Agatha

Barney
James
Agatha
Luke
Tyler

Agatha
Luke

Agatha

James

Barney

John

Natalie

John
James
Tyler

Luke

Joseph

Luke

Agatha

Barney

Yoko

Barney

Yoko
Luke

Jacob

Elvis

Elvis
Gary
Barney
John
Rob
James

Jacob
Barney

John

Clyde

Barney
Yoko
Jacob

John

Barney
Elvis

John

Luke

Luke

Jacob

Natalie
James

Yoko

Agatha

Agatha

Rob

Jacob

Luke

Luke
Agatha

John

Jacob
Clyde

John

Jacob

Agatha

Joseph

Luke
Joseph

John

James

Yoko

John

Gary
Jacob
Joseph
Natalie
James
Rob
Agatha

Rob

Agatha

John

Luke
Joseph

Agatha

Elvis

Yoko

Clyde
Barney
Luke
Gary
Yoko
Elvis

Jacob

Luke
Jacob

Yoko

Rob

Jacob

John

John
Yoko
Agatha

Barney

Dominic
Gary
Rob
John

Luke

Agatha

John

Yoko

Barney

Agatha

Elvis

Agatha
John

Barney
Yoko

Joseph

Tyler

Elvis

Agatha

Luke

Jacob
Madlin
Tyler
Agatha
Joseph
Gary

Natalie

Barney

Joseph

Agatha
Luke

Agatha

Barney

Agatha

Agatha

Barney

Tyler
Madlin
John
Agatha
Luke
Clyde

Barney

Tyler

Joseph

Yoko

Clyde

Agatha

Barney

Barney

Agatha

Clyde

Tyler

John

Barney
Luke
Natalie
Jacob
Tyler

John

John

Barney

Dominic

Agatha

Yoko
