Abe

Elbert

Louise

Elbert

Patrick

Ricky

Ogres

Hat

Elbert

Ogres

I

I

Billy-Bob

Patrick

Ricky

Harold

Bill

Bill

Frank

Q name here
Bear

Elvis

Frank

James

Abe
Karl

Elvis

Louise

Bear

Frank

Elbert

Chair

Patrick

Gerald

Billy-Bob

Marty

Dennis

Dennis

Harold

Charlie

Harry

Harold

Ricky

Elbert

High King Melvin XVII The great and glorious with the longest name blah blah bla

Harold

Bill

Karl

Ricky

Marty

Frank

Billy-Bob

High King Melvin XVII The great and glorious with the longest name blah blah bla

Q name here

Ricky

Louise

Hat
Harold

Genie

Bear

Hat

Dean

Chair

Chair

Elbert

Genie

Dean

Patrick

Elizabeth

Elvis

James

James

Chair

Hat

Nate

Ogres

Ogres

Elbert

Chair

Elvis

Ogres

Patrick

Patrick

Elvis

Dean

Abe

Q name here

Genie

Patrick

Marty

Ogres

Hat

Chair

Genie

Frank

Karl

I

Karl

Dean

High King Melvin XVII The great and glorious with the longest name blah blah bla

Bear

Ogres

Harry

Louise
