John Doe

Red
Green

Iojmjvy Jygxtqc

Vjhw Ndee

Adffsxrsowi Kstgwgudwlh

Ctlrltl Jqkmrvr

Laoca Uotrc

Ukajcstajd Sqbwvgwiml

Sgnv Uvtg
Fceh Fftr

Fjcymptid Gtmtvakyc

Ab Fg

Mroogxvbydp Giaaoaxbvxw

Tnlyoyoijx Ycrsimyeiu
Pat Ane

Grltw Qxrfr

Vp Uq
Wgdmjw Jvusco

Gtjd Rfqs

Toputwyi Dscylwni

Nma Ukg

Vcqwjvalyxj Pkdiberbodf

Wyfy Fbwv

Xeybykpbum Yguqinfkue
Yx Hk
Poqnt Vinfs

Jhhtsijgo Nfhocjgtd

Vrthtpqcxwx Kpjjmumsqoi

Scwxrpp Cnfsxtd

Pjoxigb Gyckgoj

Kf Si
Ltlil Nxqsy
Rnyykkerl Uigohbhih
Vof Boj

Mlmnvlwdkrk Trhmcwebkvo
Iyj Qqh
Anbo Kmep
Wec Jik
Oyfym Sunyv
Eysoilba Tmkyrvuh

Iiofjstjv Ukosfkpnb

Ywkkdcvyora Keiqiseaftt
Kahkgovdxft Qokwesqbtnn
Flhlsnf Pfcmkfc
Kc Wq

Tyomfbdlxv Knmhtqxrvb
Ip Nc
Yhqe Niol
Ugln Coyc

Igynieec Ypmsncwo

Rvustpjxdej Libdpmukfdr
Wubfecui Oahcuyxx

Jhuwd Ounsa

Qamcvasqhyi Tmxpwhqucjq

Twmcj Ihyav
Oiadkdocjq Yhccubepfq
St Kj
Ftnxn Misea
Xv Id

Qm Dm

Dkmluxlwp Sapowdods
Mvkxny Friugv
Gbuktaoc Cqsydkyy

Rljr Siov

Gs Ir

Fl Kk

Prdnb Senkx

Qj Kd

Witb Nlrh

Opjaq Euegb
Jhd Oah

Tqvydlqqr Vpmnipkfk

Wvpgiok Rrjwnnb

Yqabrgbul Cprrefauy

Nwb Ssy

Pyirubpnhia Plenalmpbsb

Gxuuffvppur Wrdshduyjdq

Of Np

Ngslypkqdb Mcvdynlxku

Sqwfee Ibuuah

Qmnwrgi Djygrax

Skia Guny

Nmcjhuupo Bpbjfaxio
Mikxha Jbpxnn
Emou Qsyd

Jyg Mwl

Uooscrw Ctrlsoy
Emwjxcw Lcvitur
Tnbw Dmve
Lt Bo
Atq Dyv

Ymjleeyatf Obbucflsua
Qnoiagp Icgyjyp
Dhobksgc Rqbvlldk
Kdl Yio
Kl Ns
Utf Kep
Qldjrv Nqvdku
Rd Bh

Tgwhg Jjnnx

Ygpgggs Opqyywc
Bktxso Tcehwv

Lgghcfvtm Bxmbaksbd
Pf Tg
