Mellisa Pitts
Sheree Deitz
Shanda Kalina
Jesus Ashalintubbi
Quinton Brassell
Suzanne Leedom
Reginald Bostick
Rose Raygoza
Rachal Friel

Mellisa Pitts
Sheree Deitz
Jesus Ashalintubbi
Quinton Brassell
Suzanne Leedom
Yi Orellana
Reginald Bostick
Willard Kile
Rose Raygoza

Reginald Bostick

Bethel Mcnish
Sheree Deitz
Corina Bertin
Jesus Ashalintubbi
Yi Orellana
Reginald Bostick
Willard Kile
Rose Raygoza
Vaughn Giuliano

Sheree Deitz

Shanda Kalina

Jesus Ashalintubbi

Mellisa Pitts
Johnette Caiazzo
Shanda Kalina

Corina Bertin

Johnette Caiazzo
