Betty White

Betty White

Bubba Sparks

Chris Brown

George Bush

Nicolas Sarkozy

Cheech Marin

Koffi Annan

John Wayne

Peyton Manning

George Bush

Betty White

Betty White

Nicolas Sarkozy
Chris Brown

Betty White
John Wayne

Tony Montana

Riley Freeman
James Bond

Chris Brown
Peyton Manning

Betty White
John Wayne
Peyton Manning

James Bond
George Bush

Betty White
John Wayne

Koffi Annan

Betty White

Betty White

Koffi Annan

John Wayne

Cheech Marin
Koffi Annan

Betty White

George Bush

John Wayne

Chris Brown

James Bond

Koffi Annan

Bruce Lee

Koffi Annan

John Wayne

Koffi Annan

Betty White

Betty White

Christopher Colombus

John Wayne

Betty White
John Wayne

Nicolas Sarkozy

Betty White

Peyton Manning

Betty White

Riley Freeman

Betty White
John Wayne
Peyton Manning

Angela Bassett

Cheech Marin
